2022-11-27 17:56:41 [P-14928] [MainThread] [hint_generator] [WARNING] hint_generator.py[line:249] 0 / 24, 1
2022-11-27 17:56:42 [P-14928] [MainThread] [hint_generator] [WARNING] hint_generator.py[line:259] 0 / 24, 2
2022-11-27 17:56:42 [P-14928] [MainThread] [hint_generator] [WARNING] hint_generator.py[line:268] 0 / 24, 3
2022-11-27 17:56:42 [P-14928] [MainThread] [hint_generator] [WARNING] hint_generator.py[line:272] 0 / 24, 4
2022-11-27 17:56:42 [P-14928] [MainThread] [hint_generator] [INFO] hint_generator.py[line:274] prediction: 0.07389063943177461
2022-11-27 17:56:42 [P-14928] [MainThread] [hint_generator] [INFO] hint_generator.py[line:275] prediction upper bound: 0.0822588423710084
2022-11-27 17:56:42 [P-14928] [MainThread] [hint_generator] [INFO] hint_generator.py[line:276] prediction lower bound: 0.06552243649254082
2022-11-27 17:56:42 [P-14928] [MainThread] [hint_generator] [INFO] hint_generator.py[line:277] ******************************
2022-11-27 17:56:42 [P-14928] [MainThread] [hint_generator] [WARNING] hint_generator.py[line:249] 1 / 24, 1
2022-11-27 17:56:42 [P-14928] [MainThread] [hint_generator] [DEBUG] hint_generator.py[line:582] title.kind_id not in dict
2022-11-27 17:56:42 [P-14928] [MainThread] [hint_generator] [WARNING] hint_generator.py[line:259] 1 / 24, 2
2022-11-27 17:56:42 [P-14928] [MainThread] [hint_generator] [WARNING] hint_generator.py[line:268] 1 / 24, 3
2022-11-27 17:56:43 [P-14928] [MainThread] [hint_generator] [WARNING] hint_generator.py[line:272] 1 / 24, 4
2022-11-27 17:56:43 [P-14928] [MainThread] [hint_generator] [INFO] hint_generator.py[line:274] prediction: 0.07327242597937583
2022-11-27 17:56:43 [P-14928] [MainThread] [hint_generator] [INFO] hint_generator.py[line:275] prediction upper bound: 0.08209949909537732
2022-11-27 17:56:43 [P-14928] [MainThread] [hint_generator] [INFO] hint_generator.py[line:276] prediction lower bound: 0.06444535286337434
2022-11-27 17:56:43 [P-14928] [MainThread] [hint_generator] [INFO] hint_generator.py[line:277] ******************************
2022-11-27 17:56:43 [P-14928] [MainThread] [hint_generator] [WARNING] hint_generator.py[line:249] 2 / 24, 1
2022-11-27 17:56:43 [P-14928] [MainThread] [hint_generator] [DEBUG] hint_generator.py[line:582] title.kind_id not in dict
2022-11-27 17:56:43 [P-14928] [MainThread] [hint_generator] [WARNING] hint_generator.py[line:259] 2 / 24, 2
2022-11-27 17:56:43 [P-14928] [MainThread] [hint_generator] [WARNING] hint_generator.py[line:268] 2 / 24, 3
2022-11-27 17:56:43 [P-14928] [MainThread] [hint_generator] [WARNING] hint_generator.py[line:272] 2 / 24, 4
2022-11-27 17:56:43 [P-14928] [MainThread] [hint_generator] [INFO] hint_generator.py[line:274] prediction: 0.07466013450175524
2022-11-27 17:56:43 [P-14928] [MainThread] [hint_generator] [INFO] hint_generator.py[line:275] prediction upper bound: 0.08289991702381833
2022-11-27 17:56:43 [P-14928] [MainThread] [hint_generator] [INFO] hint_generator.py[line:276] prediction lower bound: 0.06642035197969215
2022-11-27 17:56:43 [P-14928] [MainThread] [hint_generator] [INFO] hint_generator.py[line:277] ******************************
2022-11-27 17:56:43 [P-14928] [MainThread] [hint_generator] [WARNING] hint_generator.py[line:249] 3 / 24, 1
2022-11-27 17:56:43 [P-14928] [MainThread] [hint_generator] [WARNING] hint_generator.py[line:259] 3 / 24, 2
2022-11-27 17:56:43 [P-14928] [MainThread] [hint_generator] [WARNING] hint_generator.py[line:268] 3 / 24, 3
2022-11-27 17:56:44 [P-14928] [MainThread] [hint_generator] [WARNING] hint_generator.py[line:272] 3 / 24, 4
2022-11-27 17:56:44 [P-14928] [MainThread] [hint_generator] [INFO] hint_generator.py[line:274] prediction: 0.07203222312033176
2022-11-27 17:56:44 [P-14928] [MainThread] [hint_generator] [INFO] hint_generator.py[line:275] prediction upper bound: 0.07924465937331683
2022-11-27 17:56:44 [P-14928] [MainThread] [hint_generator] [INFO] hint_generator.py[line:276] prediction lower bound: 0.0648197868673467
2022-11-27 17:56:44 [P-14928] [MainThread] [hint_generator] [INFO] hint_generator.py[line:277] ******************************
2022-11-27 17:56:44 [P-14928] [MainThread] [hint_generator] [WARNING] hint_generator.py[line:249] 4 / 24, 1
2022-11-27 17:56:44 [P-14928] [MainThread] [hint_generator] [WARNING] hint_generator.py[line:259] 4 / 24, 2
2022-11-27 17:56:44 [P-14928] [MainThread] [hint_generator] [WARNING] hint_generator.py[line:268] 4 / 24, 3
2022-11-27 17:56:44 [P-14928] [MainThread] [hint_generator] [WARNING] hint_generator.py[line:272] 4 / 24, 4
2022-11-27 17:56:44 [P-14928] [MainThread] [hint_generator] [INFO] hint_generator.py[line:274] prediction: 0.07219603639096021
2022-11-27 17:56:44 [P-14928] [MainThread] [hint_generator] [INFO] hint_generator.py[line:275] prediction upper bound: 0.07923437155207563
2022-11-27 17:56:44 [P-14928] [MainThread] [hint_generator] [INFO] hint_generator.py[line:276] prediction lower bound: 0.0651577012298448
2022-11-27 17:56:44 [P-14928] [MainThread] [hint_generator] [INFO] hint_generator.py[line:277] ******************************
2022-11-27 17:56:44 [P-14928] [MainThread] [hint_generator] [WARNING] hint_generator.py[line:249] 5 / 24, 1
2022-11-27 17:56:44 [P-14928] [MainThread] [hint_generator] [WARNING] hint_generator.py[line:259] 5 / 24, 2
2022-11-27 17:56:44 [P-14928] [MainThread] [hint_generator] [WARNING] hint_generator.py[line:268] 5 / 24, 3
2022-11-27 17:56:45 [P-14928] [MainThread] [hint_generator] [WARNING] hint_generator.py[line:272] 5 / 24, 4
2022-11-27 17:56:45 [P-14928] [MainThread] [hint_generator] [INFO] hint_generator.py[line:274] prediction: 0.0730724386125803
2022-11-27 17:56:45 [P-14928] [MainThread] [hint_generator] [INFO] hint_generator.py[line:275] prediction upper bound: 0.08096111320382868
2022-11-27 17:56:45 [P-14928] [MainThread] [hint_generator] [INFO] hint_generator.py[line:276] prediction lower bound: 0.06518376402133191
2022-11-27 17:56:45 [P-14928] [MainThread] [hint_generator] [INFO] hint_generator.py[line:277] ******************************
2022-11-27 17:56:45 [P-14928] [MainThread] [hint_generator] [WARNING] hint_generator.py[line:249] 6 / 24, 1
2022-11-27 17:56:45 [P-14928] [MainThread] [hint_generator] [DEBUG] hint_generator.py[line:582] title.kind_id not in dict
2022-11-27 17:56:45 [P-14928] [MainThread] [hint_generator] [WARNING] hint_generator.py[line:259] 6 / 24, 2
2022-11-27 17:56:45 [P-14928] [MainThread] [hint_generator] [WARNING] hint_generator.py[line:268] 6 / 24, 3
2022-11-27 17:56:45 [P-14928] [MainThread] [hint_generator] [WARNING] hint_generator.py[line:272] 6 / 24, 4
2022-11-27 17:56:45 [P-14928] [MainThread] [hint_generator] [INFO] hint_generator.py[line:274] prediction: 0.07252330526709556
2022-11-27 17:56:45 [P-14928] [MainThread] [hint_generator] [INFO] hint_generator.py[line:275] prediction upper bound: 0.08138205787726777
2022-11-27 17:56:45 [P-14928] [MainThread] [hint_generator] [INFO] hint_generator.py[line:276] prediction lower bound: 0.06366455265692336
2022-11-27 17:56:45 [P-14928] [MainThread] [hint_generator] [INFO] hint_generator.py[line:277] ******************************
2022-11-27 17:56:45 [P-14928] [MainThread] [hint_generator] [WARNING] hint_generator.py[line:249] 7 / 24, 1
2022-11-27 17:56:45 [P-14928] [MainThread] [hint_generator] [DEBUG] hint_generator.py[line:582] title.kind_id not in dict
2022-11-27 17:56:45 [P-14928] [MainThread] [hint_generator] [WARNING] hint_generator.py[line:259] 7 / 24, 2
2022-11-27 17:56:45 [P-14928] [MainThread] [hint_generator] [WARNING] hint_generator.py[line:268] 7 / 24, 3
2022-11-27 17:56:46 [P-14928] [MainThread] [hint_generator] [WARNING] hint_generator.py[line:272] 7 / 24, 4
2022-11-27 17:56:46 [P-14928] [MainThread] [hint_generator] [INFO] hint_generator.py[line:274] prediction: 0.0738501289486885
2022-11-27 17:56:46 [P-14928] [MainThread] [hint_generator] [INFO] hint_generator.py[line:275] prediction upper bound: 0.0824630049682731
2022-11-27 17:56:46 [P-14928] [MainThread] [hint_generator] [INFO] hint_generator.py[line:276] prediction lower bound: 0.06523725292910391
2022-11-27 17:56:46 [P-14928] [MainThread] [hint_generator] [INFO] hint_generator.py[line:277] ******************************
2022-11-27 17:56:46 [P-14928] [MainThread] [hint_generator] [WARNING] hint_generator.py[line:249] 8 / 24, 1
2022-11-27 17:56:46 [P-14928] [MainThread] [hint_generator] [DEBUG] hint_generator.py[line:582] title.kind_id not in dict
2022-11-27 17:56:46 [P-14928] [MainThread] [hint_generator] [WARNING] hint_generator.py[line:259] 8 / 24, 2
2022-11-27 17:56:46 [P-14928] [MainThread] [hint_generator] [WARNING] hint_generator.py[line:268] 8 / 24, 3
2022-11-27 17:56:46 [P-14928] [MainThread] [hint_generator] [WARNING] hint_generator.py[line:272] 8 / 24, 4
2022-11-27 17:56:46 [P-14928] [MainThread] [hint_generator] [INFO] hint_generator.py[line:274] prediction: 0.07229659542441368
2022-11-27 17:56:46 [P-14928] [MainThread] [hint_generator] [INFO] hint_generator.py[line:275] prediction upper bound: 0.0815962075005105
2022-11-27 17:56:46 [P-14928] [MainThread] [hint_generator] [INFO] hint_generator.py[line:276] prediction lower bound: 0.06299698334831685
2022-11-27 17:56:46 [P-14928] [MainThread] [hint_generator] [INFO] hint_generator.py[line:277] ******************************
2022-11-27 17:56:46 [P-14928] [MainThread] [hint_generator] [WARNING] hint_generator.py[line:249] 9 / 24, 1
2022-11-27 17:56:46 [P-14928] [MainThread] [hint_generator] [WARNING] hint_generator.py[line:259] 9 / 24, 2
2022-11-27 17:56:46 [P-14928] [MainThread] [hint_generator] [WARNING] hint_generator.py[line:268] 9 / 24, 3
2022-11-27 17:56:46 [P-14928] [MainThread] [hint_generator] [WARNING] hint_generator.py[line:272] 9 / 24, 4
2022-11-27 17:56:46 [P-14928] [MainThread] [hint_generator] [INFO] hint_generator.py[line:274] prediction: 0.07361438684165478
2022-11-27 17:56:46 [P-14928] [MainThread] [hint_generator] [INFO] hint_generator.py[line:275] prediction upper bound: 0.0822785306724606
2022-11-27 17:56:46 [P-14928] [MainThread] [hint_generator] [INFO] hint_generator.py[line:276] prediction lower bound: 0.06495024301084895
2022-11-27 17:56:46 [P-14928] [MainThread] [hint_generator] [INFO] hint_generator.py[line:277] ******************************
2022-11-27 17:56:46 [P-14928] [MainThread] [hint_generator] [WARNING] hint_generator.py[line:249] 10 / 24, 1
2022-11-27 17:56:47 [P-14928] [MainThread] [hint_generator] [WARNING] hint_generator.py[line:259] 10 / 24, 2
2022-11-27 17:56:47 [P-14928] [MainThread] [hint_generator] [WARNING] hint_generator.py[line:268] 10 / 24, 3
2022-11-27 17:56:47 [P-14928] [MainThread] [hint_generator] [WARNING] hint_generator.py[line:272] 10 / 24, 4
2022-11-27 17:56:47 [P-14928] [MainThread] [hint_generator] [INFO] hint_generator.py[line:274] prediction: 0.07371167369186878
2022-11-27 17:56:47 [P-14928] [MainThread] [hint_generator] [INFO] hint_generator.py[line:275] prediction upper bound: 0.08253115346242448
2022-11-27 17:56:47 [P-14928] [MainThread] [hint_generator] [INFO] hint_generator.py[line:276] prediction lower bound: 0.06489219392131307
2022-11-27 17:56:47 [P-14928] [MainThread] [hint_generator] [INFO] hint_generator.py[line:277] ******************************
2022-11-27 17:56:47 [P-14928] [MainThread] [hint_generator] [WARNING] hint_generator.py[line:249] 11 / 24, 1
2022-11-27 17:56:47 [P-14928] [MainThread] [hint_generator] [WARNING] hint_generator.py[line:259] 11 / 24, 2
2022-11-27 17:56:47 [P-14928] [MainThread] [hint_generator] [WARNING] hint_generator.py[line:268] 11 / 24, 3
2022-11-27 17:56:47 [P-14928] [MainThread] [hint_generator] [WARNING] hint_generator.py[line:272] 11 / 24, 4
2022-11-27 17:56:47 [P-14928] [MainThread] [hint_generator] [INFO] hint_generator.py[line:274] prediction: 0.07279519453644752
2022-11-27 17:56:47 [P-14928] [MainThread] [hint_generator] [INFO] hint_generator.py[line:275] prediction upper bound: 0.08004453659884841
2022-11-27 17:56:47 [P-14928] [MainThread] [hint_generator] [INFO] hint_generator.py[line:276] prediction lower bound: 0.06554585247404662
2022-11-27 17:56:47 [P-14928] [MainThread] [hint_generator] [INFO] hint_generator.py[line:277] ******************************
2022-11-27 17:56:47 [P-14928] [MainThread] [hint_generator] [WARNING] hint_generator.py[line:249] 12 / 24, 1
2022-11-27 17:56:48 [P-14928] [MainThread] [hint_generator] [WARNING] hint_generator.py[line:259] 12 / 24, 2
2022-11-27 17:56:48 [P-14928] [MainThread] [hint_generator] [WARNING] hint_generator.py[line:268] 12 / 24, 3
2022-11-27 17:56:48 [P-14928] [MainThread] [hint_generator] [WARNING] hint_generator.py[line:272] 12 / 24, 4
2022-11-27 17:56:48 [P-14928] [MainThread] [hint_generator] [INFO] hint_generator.py[line:274] prediction: 0.07293035592883826
2022-11-27 17:56:48 [P-14928] [MainThread] [hint_generator] [INFO] hint_generator.py[line:275] prediction upper bound: 0.08074451299577523
2022-11-27 17:56:48 [P-14928] [MainThread] [hint_generator] [INFO] hint_generator.py[line:276] prediction lower bound: 0.06511619886190129
2022-11-27 17:56:48 [P-14928] [MainThread] [hint_generator] [INFO] hint_generator.py[line:277] ******************************
2022-11-27 17:56:48 [P-14928] [MainThread] [hint_generator] [WARNING] hint_generator.py[line:249] 13 / 24, 1
2022-11-27 17:56:48 [P-14928] [MainThread] [hint_generator] [WARNING] hint_generator.py[line:259] 13 / 24, 2
2022-11-27 17:56:48 [P-14928] [MainThread] [hint_generator] [WARNING] hint_generator.py[line:268] 13 / 24, 3
2022-11-27 17:56:48 [P-14928] [MainThread] [hint_generator] [WARNING] hint_generator.py[line:272] 13 / 24, 4
2022-11-27 17:56:48 [P-14928] [MainThread] [hint_generator] [INFO] hint_generator.py[line:274] prediction: 0.07437860772013664
2022-11-27 17:56:48 [P-14928] [MainThread] [hint_generator] [INFO] hint_generator.py[line:275] prediction upper bound: 0.08361080572918558
2022-11-27 17:56:48 [P-14928] [MainThread] [hint_generator] [INFO] hint_generator.py[line:276] prediction lower bound: 0.0651464097110877
2022-11-27 17:56:48 [P-14928] [MainThread] [hint_generator] [INFO] hint_generator.py[line:277] ******************************
2022-11-27 17:56:48 [P-14928] [MainThread] [hint_generator] [WARNING] hint_generator.py[line:249] 14 / 24, 1
2022-11-27 17:56:48 [P-14928] [MainThread] [hint_generator] [WARNING] hint_generator.py[line:259] 14 / 24, 2
2022-11-27 17:56:48 [P-14928] [MainThread] [hint_generator] [WARNING] hint_generator.py[line:268] 14 / 24, 3
2022-11-27 17:56:49 [P-14928] [MainThread] [hint_generator] [WARNING] hint_generator.py[line:272] 14 / 24, 4
2022-11-27 17:56:49 [P-14928] [MainThread] [hint_generator] [INFO] hint_generator.py[line:274] prediction: 0.07201781168580056
2022-11-27 17:56:49 [P-14928] [MainThread] [hint_generator] [INFO] hint_generator.py[line:275] prediction upper bound: 0.07979194531376474
2022-11-27 17:56:49 [P-14928] [MainThread] [hint_generator] [INFO] hint_generator.py[line:276] prediction lower bound: 0.06424367805783637
2022-11-27 17:56:49 [P-14928] [MainThread] [hint_generator] [INFO] hint_generator.py[line:277] ******************************
2022-11-27 17:56:49 [P-14928] [MainThread] [hint_generator] [WARNING] hint_generator.py[line:249] 15 / 24, 1
2022-11-27 17:56:49 [P-14928] [MainThread] [hint_generator] [WARNING] hint_generator.py[line:259] 15 / 24, 2
2022-11-27 17:56:49 [P-14928] [MainThread] [hint_generator] [WARNING] hint_generator.py[line:268] 15 / 24, 3
2022-11-27 17:56:49 [P-14928] [MainThread] [hint_generator] [WARNING] hint_generator.py[line:272] 15 / 24, 4
2022-11-27 17:56:49 [P-14928] [MainThread] [hint_generator] [INFO] hint_generator.py[line:274] prediction: 0.07318330157548189
2022-11-27 17:56:49 [P-14928] [MainThread] [hint_generator] [INFO] hint_generator.py[line:275] prediction upper bound: 0.0808887388576969
2022-11-27 17:56:49 [P-14928] [MainThread] [hint_generator] [INFO] hint_generator.py[line:276] prediction lower bound: 0.06547786429326688
2022-11-27 17:56:49 [P-14928] [MainThread] [hint_generator] [INFO] hint_generator.py[line:277] ******************************
2022-11-27 17:56:49 [P-14928] [MainThread] [hint_generator] [WARNING] hint_generator.py[line:249] 16 / 24, 1
2022-11-27 17:56:49 [P-14928] [MainThread] [hint_generator] [WARNING] hint_generator.py[line:259] 16 / 24, 2
2022-11-27 17:56:49 [P-14928] [MainThread] [hint_generator] [WARNING] hint_generator.py[line:268] 16 / 24, 3
2022-11-27 17:56:50 [P-14928] [MainThread] [hint_generator] [WARNING] hint_generator.py[line:272] 16 / 24, 4
2022-11-27 17:56:50 [P-14928] [MainThread] [hint_generator] [INFO] hint_generator.py[line:274] prediction: 0.07154165599495173
2022-11-27 17:56:50 [P-14928] [MainThread] [hint_generator] [INFO] hint_generator.py[line:275] prediction upper bound: 0.07993301632317099
2022-11-27 17:56:50 [P-14928] [MainThread] [hint_generator] [INFO] hint_generator.py[line:276] prediction lower bound: 0.06315029566673247
2022-11-27 17:56:50 [P-14928] [MainThread] [hint_generator] [INFO] hint_generator.py[line:277] ******************************
2022-11-27 17:56:50 [P-14928] [MainThread] [hint_generator] [WARNING] hint_generator.py[line:249] 17 / 24, 1
2022-11-27 17:56:50 [P-14928] [MainThread] [hint_generator] [WARNING] hint_generator.py[line:259] 17 / 24, 2
2022-11-27 17:56:50 [P-14928] [MainThread] [hint_generator] [WARNING] hint_generator.py[line:268] 17 / 24, 3
2022-11-27 17:56:50 [P-14928] [MainThread] [hint_generator] [WARNING] hint_generator.py[line:272] 17 / 24, 4
2022-11-27 17:56:50 [P-14928] [MainThread] [hint_generator] [INFO] hint_generator.py[line:274] prediction: 0.07361687902361154
2022-11-27 17:56:50 [P-14928] [MainThread] [hint_generator] [INFO] hint_generator.py[line:275] prediction upper bound: 0.08154357518977101
2022-11-27 17:56:50 [P-14928] [MainThread] [hint_generator] [INFO] hint_generator.py[line:276] prediction lower bound: 0.06569018285745207
2022-11-27 17:56:50 [P-14928] [MainThread] [hint_generator] [INFO] hint_generator.py[line:277] ******************************
2022-11-27 17:56:50 [P-14928] [MainThread] [hint_generator] [WARNING] hint_generator.py[line:249] 18 / 24, 1
2022-11-27 17:56:50 [P-14928] [MainThread] [hint_generator] [WARNING] hint_generator.py[line:249] 19 / 24, 1
2022-11-27 17:56:50 [P-14928] [MainThread] [hint_generator] [WARNING] hint_generator.py[line:249] 20 / 24, 1
2022-11-27 17:56:50 [P-14928] [MainThread] [hint_generator] [WARNING] hint_generator.py[line:249] 21 / 24, 1
2022-11-27 17:56:51 [P-14928] [MainThread] [hint_generator] [WARNING] hint_generator.py[line:249] 22 / 24, 1
2022-11-27 17:56:51 [P-14928] [MainThread] [hint_generator] [WARNING] hint_generator.py[line:249] 23 / 24, 1
