2022-11-27 17:58:34 [P-8832] [MainThread] [hint_generator] [WARNING] hint_generator.py[line:249] 0 / 24, 1
2022-11-27 17:58:34 [P-8832] [MainThread] [hint_generator] [WARNING] hint_generator.py[line:259] 0 / 24, 2
2022-11-27 17:58:34 [P-8832] [MainThread] [hint_generator] [WARNING] hint_generator.py[line:268] 0 / 24, 3
2022-11-27 17:58:35 [P-8832] [MainThread] [hint_generator] [WARNING] hint_generator.py[line:272] 0 / 24, 4
2022-11-27 17:58:35 [P-8832] [MainThread] [hint_generator] [INFO] hint_generator.py[line:274] prediction: 0.07238956943154334
2022-11-27 17:58:35 [P-8832] [MainThread] [hint_generator] [INFO] hint_generator.py[line:275] prediction upper bound: 0.08019361233889558
2022-11-27 17:58:35 [P-8832] [MainThread] [hint_generator] [INFO] hint_generator.py[line:276] prediction lower bound: 0.06458552652419111
2022-11-27 17:58:35 [P-8832] [MainThread] [hint_generator] [INFO] hint_generator.py[line:277] ******************************
2022-11-27 17:58:35 [P-8832] [MainThread] [hint_generator] [WARNING] hint_generator.py[line:249] 1 / 24, 1
2022-11-27 17:58:35 [P-8832] [MainThread] [hint_generator] [DEBUG] hint_generator.py[line:582] title.kind_id not in dict
2022-11-27 17:58:35 [P-8832] [MainThread] [hint_generator] [WARNING] hint_generator.py[line:259] 1 / 24, 2
2022-11-27 17:58:35 [P-8832] [MainThread] [hint_generator] [WARNING] hint_generator.py[line:268] 1 / 24, 3
2022-11-27 17:58:35 [P-8832] [MainThread] [hint_generator] [WARNING] hint_generator.py[line:272] 1 / 24, 4
2022-11-27 17:58:35 [P-8832] [MainThread] [hint_generator] [INFO] hint_generator.py[line:274] prediction: 0.07270865678787232
2022-11-27 17:58:35 [P-8832] [MainThread] [hint_generator] [INFO] hint_generator.py[line:275] prediction upper bound: 0.08178985200144048
2022-11-27 17:58:35 [P-8832] [MainThread] [hint_generator] [INFO] hint_generator.py[line:276] prediction lower bound: 0.06362746157430416
2022-11-27 17:58:35 [P-8832] [MainThread] [hint_generator] [INFO] hint_generator.py[line:277] ******************************
2022-11-27 17:58:35 [P-8832] [MainThread] [hint_generator] [WARNING] hint_generator.py[line:249] 2 / 24, 1
2022-11-27 17:58:35 [P-8832] [MainThread] [hint_generator] [DEBUG] hint_generator.py[line:582] title.kind_id not in dict
2022-11-27 17:58:35 [P-8832] [MainThread] [hint_generator] [WARNING] hint_generator.py[line:259] 2 / 24, 2
2022-11-27 17:58:35 [P-8832] [MainThread] [hint_generator] [WARNING] hint_generator.py[line:268] 2 / 24, 3
2022-11-27 17:58:35 [P-8832] [MainThread] [hint_generator] [WARNING] hint_generator.py[line:272] 2 / 24, 4
2022-11-27 17:58:35 [P-8832] [MainThread] [hint_generator] [INFO] hint_generator.py[line:274] prediction: 0.0734287853911519
2022-11-27 17:58:35 [P-8832] [MainThread] [hint_generator] [INFO] hint_generator.py[line:275] prediction upper bound: 0.08214373500804617
2022-11-27 17:58:35 [P-8832] [MainThread] [hint_generator] [INFO] hint_generator.py[line:276] prediction lower bound: 0.06471383577425763
2022-11-27 17:58:35 [P-8832] [MainThread] [hint_generator] [INFO] hint_generator.py[line:277] ******************************
2022-11-27 17:58:35 [P-8832] [MainThread] [hint_generator] [WARNING] hint_generator.py[line:249] 3 / 24, 1
2022-11-27 17:58:36 [P-8832] [MainThread] [hint_generator] [WARNING] hint_generator.py[line:259] 3 / 24, 2
2022-11-27 17:58:36 [P-8832] [MainThread] [hint_generator] [WARNING] hint_generator.py[line:268] 3 / 24, 3
2022-11-27 17:58:36 [P-8832] [MainThread] [hint_generator] [WARNING] hint_generator.py[line:272] 3 / 24, 4
2022-11-27 17:58:36 [P-8832] [MainThread] [hint_generator] [INFO] hint_generator.py[line:274] prediction: 0.073316919952631
2022-11-27 17:58:36 [P-8832] [MainThread] [hint_generator] [INFO] hint_generator.py[line:275] prediction upper bound: 0.08103048684641391
2022-11-27 17:58:36 [P-8832] [MainThread] [hint_generator] [INFO] hint_generator.py[line:276] prediction lower bound: 0.06560335305884808
2022-11-27 17:58:36 [P-8832] [MainThread] [hint_generator] [INFO] hint_generator.py[line:277] ******************************
2022-11-27 17:58:36 [P-8832] [MainThread] [hint_generator] [WARNING] hint_generator.py[line:249] 4 / 24, 1
2022-11-27 17:58:36 [P-8832] [MainThread] [hint_generator] [WARNING] hint_generator.py[line:259] 4 / 24, 2
2022-11-27 17:58:36 [P-8832] [MainThread] [hint_generator] [WARNING] hint_generator.py[line:268] 4 / 24, 3
2022-11-27 17:58:36 [P-8832] [MainThread] [hint_generator] [WARNING] hint_generator.py[line:272] 4 / 24, 4
2022-11-27 17:58:36 [P-8832] [MainThread] [hint_generator] [INFO] hint_generator.py[line:274] prediction: 0.07283435635268688
2022-11-27 17:58:36 [P-8832] [MainThread] [hint_generator] [INFO] hint_generator.py[line:275] prediction upper bound: 0.08029505358510723
2022-11-27 17:58:36 [P-8832] [MainThread] [hint_generator] [INFO] hint_generator.py[line:276] prediction lower bound: 0.06537365912026653
2022-11-27 17:58:36 [P-8832] [MainThread] [hint_generator] [INFO] hint_generator.py[line:277] ******************************
2022-11-27 17:58:36 [P-8832] [MainThread] [hint_generator] [WARNING] hint_generator.py[line:249] 5 / 24, 1
2022-11-27 17:58:36 [P-8832] [MainThread] [hint_generator] [WARNING] hint_generator.py[line:259] 5 / 24, 2
2022-11-27 17:58:36 [P-8832] [MainThread] [hint_generator] [WARNING] hint_generator.py[line:268] 5 / 24, 3
2022-11-27 17:58:37 [P-8832] [MainThread] [hint_generator] [WARNING] hint_generator.py[line:272] 5 / 24, 4
2022-11-27 17:58:37 [P-8832] [MainThread] [hint_generator] [INFO] hint_generator.py[line:274] prediction: 0.07491398096084595
2022-11-27 17:58:37 [P-8832] [MainThread] [hint_generator] [INFO] hint_generator.py[line:275] prediction upper bound: 0.08157808736772684
2022-11-27 17:58:37 [P-8832] [MainThread] [hint_generator] [INFO] hint_generator.py[line:276] prediction lower bound: 0.06824987455396506
2022-11-27 17:58:37 [P-8832] [MainThread] [hint_generator] [INFO] hint_generator.py[line:277] ******************************
2022-11-27 17:58:37 [P-8832] [MainThread] [hint_generator] [WARNING] hint_generator.py[line:249] 6 / 24, 1
2022-11-27 17:58:37 [P-8832] [MainThread] [hint_generator] [DEBUG] hint_generator.py[line:582] title.kind_id not in dict
2022-11-27 17:58:37 [P-8832] [MainThread] [hint_generator] [WARNING] hint_generator.py[line:259] 6 / 24, 2
2022-11-27 17:58:37 [P-8832] [MainThread] [hint_generator] [WARNING] hint_generator.py[line:268] 6 / 24, 3
2022-11-27 17:58:37 [P-8832] [MainThread] [hint_generator] [WARNING] hint_generator.py[line:272] 6 / 24, 4
2022-11-27 17:58:37 [P-8832] [MainThread] [hint_generator] [INFO] hint_generator.py[line:274] prediction: 0.07444593474268914
2022-11-27 17:58:37 [P-8832] [MainThread] [hint_generator] [INFO] hint_generator.py[line:275] prediction upper bound: 0.0824704653411361
2022-11-27 17:58:37 [P-8832] [MainThread] [hint_generator] [INFO] hint_generator.py[line:276] prediction lower bound: 0.06642140414424218
2022-11-27 17:58:37 [P-8832] [MainThread] [hint_generator] [INFO] hint_generator.py[line:277] ******************************
2022-11-27 17:58:37 [P-8832] [MainThread] [hint_generator] [WARNING] hint_generator.py[line:249] 7 / 24, 1
2022-11-27 17:58:37 [P-8832] [MainThread] [hint_generator] [DEBUG] hint_generator.py[line:582] title.kind_id not in dict
2022-11-27 17:58:37 [P-8832] [MainThread] [hint_generator] [WARNING] hint_generator.py[line:259] 7 / 24, 2
2022-11-27 17:58:37 [P-8832] [MainThread] [hint_generator] [WARNING] hint_generator.py[line:268] 7 / 24, 3
2022-11-27 17:58:37 [P-8832] [MainThread] [hint_generator] [WARNING] hint_generator.py[line:272] 7 / 24, 4
2022-11-27 17:58:37 [P-8832] [MainThread] [hint_generator] [INFO] hint_generator.py[line:274] prediction: 0.07260074146091938
2022-11-27 17:58:37 [P-8832] [MainThread] [hint_generator] [INFO] hint_generator.py[line:275] prediction upper bound: 0.08170680490812351
2022-11-27 17:58:37 [P-8832] [MainThread] [hint_generator] [INFO] hint_generator.py[line:276] prediction lower bound: 0.06349467801371525
2022-11-27 17:58:37 [P-8832] [MainThread] [hint_generator] [INFO] hint_generator.py[line:277] ******************************
2022-11-27 17:58:37 [P-8832] [MainThread] [hint_generator] [WARNING] hint_generator.py[line:249] 8 / 24, 1
2022-11-27 17:58:37 [P-8832] [MainThread] [hint_generator] [DEBUG] hint_generator.py[line:582] title.kind_id not in dict
2022-11-27 17:58:38 [P-8832] [MainThread] [hint_generator] [WARNING] hint_generator.py[line:259] 8 / 24, 2
2022-11-27 17:58:38 [P-8832] [MainThread] [hint_generator] [WARNING] hint_generator.py[line:268] 8 / 24, 3
2022-11-27 17:58:38 [P-8832] [MainThread] [hint_generator] [WARNING] hint_generator.py[line:272] 8 / 24, 4
2022-11-27 17:58:38 [P-8832] [MainThread] [hint_generator] [INFO] hint_generator.py[line:274] prediction: 0.07369502063840627
2022-11-27 17:58:38 [P-8832] [MainThread] [hint_generator] [INFO] hint_generator.py[line:275] prediction upper bound: 0.08189279060450191
2022-11-27 17:58:38 [P-8832] [MainThread] [hint_generator] [INFO] hint_generator.py[line:276] prediction lower bound: 0.06549725067231063
2022-11-27 17:58:38 [P-8832] [MainThread] [hint_generator] [INFO] hint_generator.py[line:277] ******************************
2022-11-27 17:58:38 [P-8832] [MainThread] [hint_generator] [WARNING] hint_generator.py[line:249] 9 / 24, 1
2022-11-27 17:58:38 [P-8832] [MainThread] [hint_generator] [WARNING] hint_generator.py[line:259] 9 / 24, 2
2022-11-27 17:58:38 [P-8832] [MainThread] [hint_generator] [WARNING] hint_generator.py[line:268] 9 / 24, 3
2022-11-27 17:58:38 [P-8832] [MainThread] [hint_generator] [WARNING] hint_generator.py[line:272] 9 / 24, 4
2022-11-27 17:58:38 [P-8832] [MainThread] [hint_generator] [INFO] hint_generator.py[line:274] prediction: 0.07243079453706741
2022-11-27 17:58:38 [P-8832] [MainThread] [hint_generator] [INFO] hint_generator.py[line:275] prediction upper bound: 0.07936344994936276
2022-11-27 17:58:38 [P-8832] [MainThread] [hint_generator] [INFO] hint_generator.py[line:276] prediction lower bound: 0.06549813912477206
2022-11-27 17:58:38 [P-8832] [MainThread] [hint_generator] [INFO] hint_generator.py[line:277] ******************************
2022-11-27 17:58:38 [P-8832] [MainThread] [hint_generator] [WARNING] hint_generator.py[line:249] 10 / 24, 1
2022-11-27 17:58:38 [P-8832] [MainThread] [hint_generator] [WARNING] hint_generator.py[line:259] 10 / 24, 2
2022-11-27 17:58:38 [P-8832] [MainThread] [hint_generator] [WARNING] hint_generator.py[line:268] 10 / 24, 3
2022-11-27 17:58:38 [P-8832] [MainThread] [hint_generator] [WARNING] hint_generator.py[line:272] 10 / 24, 4
2022-11-27 17:58:38 [P-8832] [MainThread] [hint_generator] [INFO] hint_generator.py[line:274] prediction: 0.07427104193717242
2022-11-27 17:58:38 [P-8832] [MainThread] [hint_generator] [INFO] hint_generator.py[line:275] prediction upper bound: 0.08212500108026578
2022-11-27 17:58:38 [P-8832] [MainThread] [hint_generator] [INFO] hint_generator.py[line:276] prediction lower bound: 0.06641708279407905
2022-11-27 17:58:38 [P-8832] [MainThread] [hint_generator] [INFO] hint_generator.py[line:277] ******************************
2022-11-27 17:58:38 [P-8832] [MainThread] [hint_generator] [WARNING] hint_generator.py[line:249] 11 / 24, 1
2022-11-27 17:58:39 [P-8832] [MainThread] [hint_generator] [WARNING] hint_generator.py[line:259] 11 / 24, 2
2022-11-27 17:58:39 [P-8832] [MainThread] [hint_generator] [WARNING] hint_generator.py[line:268] 11 / 24, 3
2022-11-27 17:58:39 [P-8832] [MainThread] [hint_generator] [WARNING] hint_generator.py[line:272] 11 / 24, 4
2022-11-27 17:58:39 [P-8832] [MainThread] [hint_generator] [INFO] hint_generator.py[line:274] prediction: 0.07324198745191098
2022-11-27 17:58:39 [P-8832] [MainThread] [hint_generator] [INFO] hint_generator.py[line:275] prediction upper bound: 0.08144937849492051
2022-11-27 17:58:39 [P-8832] [MainThread] [hint_generator] [INFO] hint_generator.py[line:276] prediction lower bound: 0.06503459640890144
2022-11-27 17:58:39 [P-8832] [MainThread] [hint_generator] [INFO] hint_generator.py[line:277] ******************************
2022-11-27 17:58:39 [P-8832] [MainThread] [hint_generator] [WARNING] hint_generator.py[line:249] 12 / 24, 1
2022-11-27 17:58:39 [P-8832] [MainThread] [hint_generator] [WARNING] hint_generator.py[line:259] 12 / 24, 2
2022-11-27 17:58:39 [P-8832] [MainThread] [hint_generator] [WARNING] hint_generator.py[line:268] 12 / 24, 3
2022-11-27 17:58:39 [P-8832] [MainThread] [hint_generator] [WARNING] hint_generator.py[line:272] 12 / 24, 4
2022-11-27 17:58:39 [P-8832] [MainThread] [hint_generator] [INFO] hint_generator.py[line:274] prediction: 0.07418944671750069
2022-11-27 17:58:39 [P-8832] [MainThread] [hint_generator] [INFO] hint_generator.py[line:275] prediction upper bound: 0.08136053253670628
2022-11-27 17:58:39 [P-8832] [MainThread] [hint_generator] [INFO] hint_generator.py[line:276] prediction lower bound: 0.0670183608982951
2022-11-27 17:58:39 [P-8832] [MainThread] [hint_generator] [INFO] hint_generator.py[line:277] ******************************
2022-11-27 17:58:39 [P-8832] [MainThread] [hint_generator] [WARNING] hint_generator.py[line:249] 13 / 24, 1
2022-11-27 17:58:40 [P-8832] [MainThread] [hint_generator] [WARNING] hint_generator.py[line:259] 13 / 24, 2
2022-11-27 17:58:40 [P-8832] [MainThread] [hint_generator] [WARNING] hint_generator.py[line:268] 13 / 24, 3
2022-11-27 17:58:40 [P-8832] [MainThread] [hint_generator] [WARNING] hint_generator.py[line:272] 13 / 24, 4
2022-11-27 17:58:40 [P-8832] [MainThread] [hint_generator] [INFO] hint_generator.py[line:274] prediction: 0.07330806747078895
2022-11-27 17:58:40 [P-8832] [MainThread] [hint_generator] [INFO] hint_generator.py[line:275] prediction upper bound: 0.08051905564880418
2022-11-27 17:58:40 [P-8832] [MainThread] [hint_generator] [INFO] hint_generator.py[line:276] prediction lower bound: 0.06609707929277372
2022-11-27 17:58:40 [P-8832] [MainThread] [hint_generator] [INFO] hint_generator.py[line:277] ******************************
2022-11-27 17:58:40 [P-8832] [MainThread] [hint_generator] [WARNING] hint_generator.py[line:249] 14 / 24, 1
2022-11-27 17:58:40 [P-8832] [MainThread] [hint_generator] [WARNING] hint_generator.py[line:259] 14 / 24, 2
2022-11-27 17:58:40 [P-8832] [MainThread] [hint_generator] [WARNING] hint_generator.py[line:268] 14 / 24, 3
2022-11-27 17:58:40 [P-8832] [MainThread] [hint_generator] [WARNING] hint_generator.py[line:272] 14 / 24, 4
2022-11-27 17:58:40 [P-8832] [MainThread] [hint_generator] [INFO] hint_generator.py[line:274] prediction: 0.07367516826838255
2022-11-27 17:58:40 [P-8832] [MainThread] [hint_generator] [INFO] hint_generator.py[line:275] prediction upper bound: 0.08215361976715431
2022-11-27 17:58:40 [P-8832] [MainThread] [hint_generator] [INFO] hint_generator.py[line:276] prediction lower bound: 0.0651967167696108
2022-11-27 17:58:40 [P-8832] [MainThread] [hint_generator] [INFO] hint_generator.py[line:277] ******************************
2022-11-27 17:58:40 [P-8832] [MainThread] [hint_generator] [WARNING] hint_generator.py[line:249] 15 / 24, 1
2022-11-27 17:58:40 [P-8832] [MainThread] [hint_generator] [WARNING] hint_generator.py[line:259] 15 / 24, 2
2022-11-27 17:58:40 [P-8832] [MainThread] [hint_generator] [WARNING] hint_generator.py[line:268] 15 / 24, 3
2022-11-27 17:58:41 [P-8832] [MainThread] [hint_generator] [WARNING] hint_generator.py[line:272] 15 / 24, 4
2022-11-27 17:58:41 [P-8832] [MainThread] [hint_generator] [INFO] hint_generator.py[line:274] prediction: 0.07330339383333921
2022-11-27 17:58:41 [P-8832] [MainThread] [hint_generator] [INFO] hint_generator.py[line:275] prediction upper bound: 0.0807795166632786
2022-11-27 17:58:41 [P-8832] [MainThread] [hint_generator] [INFO] hint_generator.py[line:276] prediction lower bound: 0.06582727100339983
2022-11-27 17:58:41 [P-8832] [MainThread] [hint_generator] [INFO] hint_generator.py[line:277] ******************************
2022-11-27 17:58:41 [P-8832] [MainThread] [hint_generator] [WARNING] hint_generator.py[line:249] 16 / 24, 1
2022-11-27 17:58:41 [P-8832] [MainThread] [hint_generator] [WARNING] hint_generator.py[line:259] 16 / 24, 2
2022-11-27 17:58:41 [P-8832] [MainThread] [hint_generator] [WARNING] hint_generator.py[line:268] 16 / 24, 3
2022-11-27 17:58:41 [P-8832] [MainThread] [hint_generator] [WARNING] hint_generator.py[line:272] 16 / 24, 4
2022-11-27 17:58:41 [P-8832] [MainThread] [hint_generator] [INFO] hint_generator.py[line:274] prediction: 0.07354476399719716
2022-11-27 17:58:41 [P-8832] [MainThread] [hint_generator] [INFO] hint_generator.py[line:275] prediction upper bound: 0.08292175020506146
2022-11-27 17:58:41 [P-8832] [MainThread] [hint_generator] [INFO] hint_generator.py[line:276] prediction lower bound: 0.06416777778933286
2022-11-27 17:58:41 [P-8832] [MainThread] [hint_generator] [INFO] hint_generator.py[line:277] ******************************
2022-11-27 17:58:41 [P-8832] [MainThread] [hint_generator] [WARNING] hint_generator.py[line:249] 17 / 24, 1
2022-11-27 17:58:41 [P-8832] [MainThread] [hint_generator] [WARNING] hint_generator.py[line:259] 17 / 24, 2
2022-11-27 17:58:41 [P-8832] [MainThread] [hint_generator] [WARNING] hint_generator.py[line:268] 17 / 24, 3
2022-11-27 17:58:41 [P-8832] [MainThread] [hint_generator] [WARNING] hint_generator.py[line:272] 17 / 24, 4
2022-11-27 17:58:41 [P-8832] [MainThread] [hint_generator] [INFO] hint_generator.py[line:274] prediction: 0.07319575935602188
2022-11-27 17:58:41 [P-8832] [MainThread] [hint_generator] [INFO] hint_generator.py[line:275] prediction upper bound: 0.08207517422729117
2022-11-27 17:58:41 [P-8832] [MainThread] [hint_generator] [INFO] hint_generator.py[line:276] prediction lower bound: 0.06431634448475258
2022-11-27 17:58:41 [P-8832] [MainThread] [hint_generator] [INFO] hint_generator.py[line:277] ******************************
2022-11-27 17:58:41 [P-8832] [MainThread] [hint_generator] [WARNING] hint_generator.py[line:249] 18 / 24, 1
2022-11-27 17:58:41 [P-8832] [MainThread] [hint_generator] [WARNING] hint_generator.py[line:249] 19 / 24, 1
2022-11-27 17:58:41 [P-8832] [MainThread] [hint_generator] [WARNING] hint_generator.py[line:249] 20 / 24, 1
2022-11-27 17:58:42 [P-8832] [MainThread] [hint_generator] [WARNING] hint_generator.py[line:249] 21 / 24, 1
2022-11-27 17:58:42 [P-8832] [MainThread] [hint_generator] [WARNING] hint_generator.py[line:249] 22 / 24, 1
2022-11-27 17:58:42 [P-8832] [MainThread] [hint_generator] [WARNING] hint_generator.py[line:249] 23 / 24, 1
