2022-11-16 21:05:08 [P-21908] [MainThread] [hint_generator] [INFO] hint_generator.py[line:67] prediction: 0.07653949096798897
2022-11-16 21:05:08 [P-21908] [MainThread] [hint_generator] [INFO] hint_generator.py[line:68] prediction upper bound: 0.07925047049728064
2022-11-16 21:05:08 [P-21908] [MainThread] [hint_generator] [INFO] hint_generator.py[line:69] prediction lower bound: 0.0738285114386973
2022-11-16 21:05:08 [P-21908] [MainThread] [hint_generator] [INFO] hint_generator.py[line:70] ******************************
2022-11-16 21:05:08 [P-21908] [MainThread] [hint_generator] [DEBUG] hint_generator.py[line:372] title.kind_id not in dict
2022-11-16 21:05:08 [P-21908] [MainThread] [hint_generator] [INFO] hint_generator.py[line:67] prediction: 0.0769788932800293
2022-11-16 21:05:08 [P-21908] [MainThread] [hint_generator] [INFO] hint_generator.py[line:68] prediction upper bound: 0.07878905758205093
2022-11-16 21:05:08 [P-21908] [MainThread] [hint_generator] [INFO] hint_generator.py[line:69] prediction lower bound: 0.07516872897800767
2022-11-16 21:05:08 [P-21908] [MainThread] [hint_generator] [INFO] hint_generator.py[line:70] ******************************
2022-11-16 21:05:08 [P-21908] [MainThread] [hint_generator] [DEBUG] hint_generator.py[line:372] title.kind_id not in dict
2022-11-16 21:05:09 [P-21908] [MainThread] [hint_generator] [INFO] hint_generator.py[line:67] prediction: 0.07642875518649817
2022-11-16 21:05:09 [P-21908] [MainThread] [hint_generator] [INFO] hint_generator.py[line:68] prediction upper bound: 0.07895160001198114
2022-11-16 21:05:09 [P-21908] [MainThread] [hint_generator] [INFO] hint_generator.py[line:69] prediction lower bound: 0.0739059103610152
2022-11-16 21:05:09 [P-21908] [MainThread] [hint_generator] [INFO] hint_generator.py[line:70] ******************************
2022-11-16 21:05:09 [P-21908] [MainThread] [hint_generator] [INFO] hint_generator.py[line:67] prediction: 0.07643213257193565
2022-11-16 21:05:09 [P-21908] [MainThread] [hint_generator] [INFO] hint_generator.py[line:68] prediction upper bound: 0.07867530586910398
2022-11-16 21:05:09 [P-21908] [MainThread] [hint_generator] [INFO] hint_generator.py[line:69] prediction lower bound: 0.07418895927476732
2022-11-16 21:05:09 [P-21908] [MainThread] [hint_generator] [INFO] hint_generator.py[line:70] ******************************
2022-11-16 21:05:10 [P-21908] [MainThread] [hint_generator] [INFO] hint_generator.py[line:67] prediction: 0.0766672133654356
2022-11-16 21:05:10 [P-21908] [MainThread] [hint_generator] [INFO] hint_generator.py[line:68] prediction upper bound: 0.07843437839306866
2022-11-16 21:05:10 [P-21908] [MainThread] [hint_generator] [INFO] hint_generator.py[line:69] prediction lower bound: 0.07490004833780253
2022-11-16 21:05:10 [P-21908] [MainThread] [hint_generator] [INFO] hint_generator.py[line:70] ******************************
2022-11-16 21:05:10 [P-21908] [MainThread] [hint_generator] [INFO] hint_generator.py[line:67] prediction: 0.07644628912210465
2022-11-16 21:05:10 [P-21908] [MainThread] [hint_generator] [INFO] hint_generator.py[line:68] prediction upper bound: 0.07863325155768734
2022-11-16 21:05:10 [P-21908] [MainThread] [hint_generator] [INFO] hint_generator.py[line:69] prediction lower bound: 0.07425932668652195
2022-11-16 21:05:10 [P-21908] [MainThread] [hint_generator] [INFO] hint_generator.py[line:70] ******************************
2022-11-16 21:05:10 [P-21908] [MainThread] [hint_generator] [DEBUG] hint_generator.py[line:372] title.kind_id not in dict
2022-11-16 21:05:11 [P-21908] [MainThread] [hint_generator] [INFO] hint_generator.py[line:67] prediction: 0.0763079634308815
2022-11-16 21:05:11 [P-21908] [MainThread] [hint_generator] [INFO] hint_generator.py[line:68] prediction upper bound: 0.07885483124222013
2022-11-16 21:05:11 [P-21908] [MainThread] [hint_generator] [INFO] hint_generator.py[line:69] prediction lower bound: 0.07376109561954287
2022-11-16 21:05:11 [P-21908] [MainThread] [hint_generator] [INFO] hint_generator.py[line:70] ******************************
2022-11-16 21:05:11 [P-21908] [MainThread] [hint_generator] [DEBUG] hint_generator.py[line:372] title.kind_id not in dict
2022-11-16 21:05:11 [P-21908] [MainThread] [hint_generator] [INFO] hint_generator.py[line:67] prediction: 0.0760909441113472
2022-11-16 21:05:11 [P-21908] [MainThread] [hint_generator] [INFO] hint_generator.py[line:68] prediction upper bound: 0.07996528761734872
2022-11-16 21:05:11 [P-21908] [MainThread] [hint_generator] [INFO] hint_generator.py[line:69] prediction lower bound: 0.07221660060534568
2022-11-16 21:05:11 [P-21908] [MainThread] [hint_generator] [INFO] hint_generator.py[line:70] ******************************
2022-11-16 21:05:11 [P-21908] [MainThread] [hint_generator] [DEBUG] hint_generator.py[line:372] title.kind_id not in dict
2022-11-16 21:05:12 [P-21908] [MainThread] [hint_generator] [INFO] hint_generator.py[line:67] prediction: 0.07675941858440638
2022-11-16 21:05:12 [P-21908] [MainThread] [hint_generator] [INFO] hint_generator.py[line:68] prediction upper bound: 0.0809578478516882
2022-11-16 21:05:12 [P-21908] [MainThread] [hint_generator] [INFO] hint_generator.py[line:69] prediction lower bound: 0.07256098931712456
2022-11-16 21:05:12 [P-21908] [MainThread] [hint_generator] [INFO] hint_generator.py[line:70] ******************************
2022-11-16 21:05:12 [P-21908] [MainThread] [hint_generator] [INFO] hint_generator.py[line:67] prediction: 0.07663513533771038
2022-11-16 21:05:12 [P-21908] [MainThread] [hint_generator] [INFO] hint_generator.py[line:68] prediction upper bound: 0.07826836328963101
2022-11-16 21:05:12 [P-21908] [MainThread] [hint_generator] [INFO] hint_generator.py[line:69] prediction lower bound: 0.07500190738578975
2022-11-16 21:05:12 [P-21908] [MainThread] [hint_generator] [INFO] hint_generator.py[line:70] ******************************
2022-11-16 21:05:13 [P-21908] [MainThread] [hint_generator] [INFO] hint_generator.py[line:67] prediction: 0.07681823335587978
2022-11-16 21:05:13 [P-21908] [MainThread] [hint_generator] [INFO] hint_generator.py[line:68] prediction upper bound: 0.07914592184147798
2022-11-16 21:05:13 [P-21908] [MainThread] [hint_generator] [INFO] hint_generator.py[line:69] prediction lower bound: 0.07449054487028159
2022-11-16 21:05:13 [P-21908] [MainThread] [hint_generator] [INFO] hint_generator.py[line:70] ******************************
2022-11-16 21:05:14 [P-21908] [MainThread] [hint_generator] [INFO] hint_generator.py[line:67] prediction: 0.07652855969965458
2022-11-16 21:05:14 [P-21908] [MainThread] [hint_generator] [INFO] hint_generator.py[line:68] prediction upper bound: 0.07921849352507321
2022-11-16 21:05:14 [P-21908] [MainThread] [hint_generator] [INFO] hint_generator.py[line:69] prediction lower bound: 0.07383862587423595
2022-11-16 21:05:14 [P-21908] [MainThread] [hint_generator] [INFO] hint_generator.py[line:70] ******************************
2022-11-16 21:05:14 [P-21908] [MainThread] [hint_generator] [INFO] hint_generator.py[line:67] prediction: 0.07657232083380222
2022-11-16 21:05:14 [P-21908] [MainThread] [hint_generator] [INFO] hint_generator.py[line:68] prediction upper bound: 0.07914695038123137
2022-11-16 21:05:14 [P-21908] [MainThread] [hint_generator] [INFO] hint_generator.py[line:69] prediction lower bound: 0.07399769128637307
2022-11-16 21:05:14 [P-21908] [MainThread] [hint_generator] [INFO] hint_generator.py[line:70] ******************************
2022-11-16 21:05:15 [P-21908] [MainThread] [hint_generator] [INFO] hint_generator.py[line:67] prediction: 0.07589584216475487
2022-11-16 21:05:15 [P-21908] [MainThread] [hint_generator] [INFO] hint_generator.py[line:68] prediction upper bound: 0.07905730358334209
2022-11-16 21:05:15 [P-21908] [MainThread] [hint_generator] [INFO] hint_generator.py[line:69] prediction lower bound: 0.07273438074616764
2022-11-16 21:05:15 [P-21908] [MainThread] [hint_generator] [INFO] hint_generator.py[line:70] ******************************
2022-11-16 21:05:15 [P-21908] [MainThread] [hint_generator] [INFO] hint_generator.py[line:67] prediction: 0.07690555885434151
2022-11-16 21:05:15 [P-21908] [MainThread] [hint_generator] [INFO] hint_generator.py[line:68] prediction upper bound: 0.07904287841881402
2022-11-16 21:05:15 [P-21908] [MainThread] [hint_generator] [INFO] hint_generator.py[line:69] prediction lower bound: 0.074768239289869
2022-11-16 21:05:15 [P-21908] [MainThread] [hint_generator] [INFO] hint_generator.py[line:70] ******************************
2022-11-16 21:05:15 [P-21908] [MainThread] [hint_generator] [INFO] hint_generator.py[line:67] prediction: 0.07664080813527108
2022-11-16 21:05:15 [P-21908] [MainThread] [hint_generator] [INFO] hint_generator.py[line:68] prediction upper bound: 0.08021649495885526
2022-11-16 21:05:15 [P-21908] [MainThread] [hint_generator] [INFO] hint_generator.py[line:69] prediction lower bound: 0.0730651213116869
2022-11-16 21:05:15 [P-21908] [MainThread] [hint_generator] [INFO] hint_generator.py[line:70] ******************************
2022-11-16 21:05:16 [P-21908] [MainThread] [hint_generator] [INFO] hint_generator.py[line:67] prediction: 0.07614984460175038
2022-11-16 21:05:16 [P-21908] [MainThread] [hint_generator] [INFO] hint_generator.py[line:68] prediction upper bound: 0.07884457370607946
2022-11-16 21:05:16 [P-21908] [MainThread] [hint_generator] [INFO] hint_generator.py[line:69] prediction lower bound: 0.0734551154974213
2022-11-16 21:05:16 [P-21908] [MainThread] [hint_generator] [INFO] hint_generator.py[line:70] ******************************
2022-11-16 21:05:16 [P-21908] [MainThread] [hint_generator] [INFO] hint_generator.py[line:67] prediction: 0.07643635302782059
2022-11-16 21:05:16 [P-21908] [MainThread] [hint_generator] [INFO] hint_generator.py[line:68] prediction upper bound: 0.0800955566225317
2022-11-16 21:05:16 [P-21908] [MainThread] [hint_generator] [INFO] hint_generator.py[line:69] prediction lower bound: 0.07277714943310948
2022-11-16 21:05:16 [P-21908] [MainThread] [hint_generator] [INFO] hint_generator.py[line:70] ******************************
