2022-11-16 21:10:18 [P-5304] [MainThread] [hint_generator] [WARNING] hint_generator.py[line:251] 0 / 24, 1
2022-11-16 21:10:19 [P-5304] [MainThread] [hint_generator] [WARNING] hint_generator.py[line:259] 0 / 24, 2
2022-11-16 21:10:19 [P-5304] [MainThread] [hint_generator] [WARNING] hint_generator.py[line:268] 0 / 24, 3
2022-11-16 21:10:19 [P-5304] [MainThread] [hint_generator] [WARNING] hint_generator.py[line:272] 0 / 24, 4
2022-11-16 21:10:19 [P-5304] [MainThread] [hint_generator] [INFO] hint_generator.py[line:274] prediction: 0.07661219507455826
2022-11-16 21:10:19 [P-5304] [MainThread] [hint_generator] [INFO] hint_generator.py[line:275] prediction upper bound: 0.07889058330244626
2022-11-16 21:10:19 [P-5304] [MainThread] [hint_generator] [INFO] hint_generator.py[line:276] prediction lower bound: 0.07433380684667025
2022-11-16 21:10:19 [P-5304] [MainThread] [hint_generator] [INFO] hint_generator.py[line:277] ******************************
2022-11-16 21:10:19 [P-5304] [MainThread] [hint_generator] [WARNING] hint_generator.py[line:251] 1 / 24, 1
2022-11-16 21:10:19 [P-5304] [MainThread] [hint_generator] [DEBUG] hint_generator.py[line:579] title.kind_id not in dict
2022-11-16 21:10:19 [P-5304] [MainThread] [hint_generator] [WARNING] hint_generator.py[line:259] 1 / 24, 2
2022-11-16 21:10:19 [P-5304] [MainThread] [hint_generator] [WARNING] hint_generator.py[line:268] 1 / 24, 3
2022-11-16 21:10:19 [P-5304] [MainThread] [hint_generator] [WARNING] hint_generator.py[line:272] 1 / 24, 4
2022-11-16 21:10:19 [P-5304] [MainThread] [hint_generator] [INFO] hint_generator.py[line:274] prediction: 0.07595238372683526
2022-11-16 21:10:19 [P-5304] [MainThread] [hint_generator] [INFO] hint_generator.py[line:275] prediction upper bound: 0.07937569682857272
2022-11-16 21:10:19 [P-5304] [MainThread] [hint_generator] [INFO] hint_generator.py[line:276] prediction lower bound: 0.0725290706250978
2022-11-16 21:10:19 [P-5304] [MainThread] [hint_generator] [INFO] hint_generator.py[line:277] ******************************
2022-11-16 21:10:19 [P-5304] [MainThread] [hint_generator] [WARNING] hint_generator.py[line:251] 2 / 24, 1
2022-11-16 21:10:19 [P-5304] [MainThread] [hint_generator] [DEBUG] hint_generator.py[line:579] title.kind_id not in dict
2022-11-16 21:10:20 [P-5304] [MainThread] [hint_generator] [WARNING] hint_generator.py[line:259] 2 / 24, 2
2022-11-16 21:10:20 [P-5304] [MainThread] [hint_generator] [WARNING] hint_generator.py[line:268] 2 / 24, 3
2022-11-16 21:10:20 [P-5304] [MainThread] [hint_generator] [WARNING] hint_generator.py[line:272] 2 / 24, 4
2022-11-16 21:10:20 [P-5304] [MainThread] [hint_generator] [INFO] hint_generator.py[line:274] prediction: 0.07634507715702057
2022-11-16 21:10:20 [P-5304] [MainThread] [hint_generator] [INFO] hint_generator.py[line:275] prediction upper bound: 0.07975206548430527
2022-11-16 21:10:20 [P-5304] [MainThread] [hint_generator] [INFO] hint_generator.py[line:276] prediction lower bound: 0.07293808882973588
2022-11-16 21:10:20 [P-5304] [MainThread] [hint_generator] [INFO] hint_generator.py[line:277] ******************************
2022-11-16 21:10:20 [P-5304] [MainThread] [hint_generator] [WARNING] hint_generator.py[line:251] 3 / 24, 1
2022-11-16 21:10:20 [P-5304] [MainThread] [hint_generator] [WARNING] hint_generator.py[line:259] 3 / 24, 2
2022-11-16 21:10:20 [P-5304] [MainThread] [hint_generator] [WARNING] hint_generator.py[line:268] 3 / 24, 3
2022-11-16 21:10:20 [P-5304] [MainThread] [hint_generator] [WARNING] hint_generator.py[line:272] 3 / 24, 4
2022-11-16 21:10:20 [P-5304] [MainThread] [hint_generator] [INFO] hint_generator.py[line:274] prediction: 0.07667147718369961
2022-11-16 21:10:20 [P-5304] [MainThread] [hint_generator] [INFO] hint_generator.py[line:275] prediction upper bound: 0.07864471777356244
2022-11-16 21:10:20 [P-5304] [MainThread] [hint_generator] [INFO] hint_generator.py[line:276] prediction lower bound: 0.07469823659383679
2022-11-16 21:10:20 [P-5304] [MainThread] [hint_generator] [INFO] hint_generator.py[line:277] ******************************
2022-11-16 21:10:20 [P-5304] [MainThread] [hint_generator] [WARNING] hint_generator.py[line:251] 4 / 24, 1
2022-11-16 21:10:21 [P-5304] [MainThread] [hint_generator] [WARNING] hint_generator.py[line:259] 4 / 24, 2
2022-11-16 21:10:21 [P-5304] [MainThread] [hint_generator] [WARNING] hint_generator.py[line:268] 4 / 24, 3
2022-11-16 21:10:21 [P-5304] [MainThread] [hint_generator] [WARNING] hint_generator.py[line:272] 4 / 24, 4
2022-11-16 21:10:21 [P-5304] [MainThread] [hint_generator] [INFO] hint_generator.py[line:274] prediction: 0.07675185576081275
2022-11-16 21:10:21 [P-5304] [MainThread] [hint_generator] [INFO] hint_generator.py[line:275] prediction upper bound: 0.07901852342082898
2022-11-16 21:10:21 [P-5304] [MainThread] [hint_generator] [INFO] hint_generator.py[line:276] prediction lower bound: 0.07448518810079653
2022-11-16 21:10:21 [P-5304] [MainThread] [hint_generator] [INFO] hint_generator.py[line:277] ******************************
2022-11-16 21:10:21 [P-5304] [MainThread] [hint_generator] [WARNING] hint_generator.py[line:251] 5 / 24, 1
2022-11-16 21:10:21 [P-5304] [MainThread] [hint_generator] [WARNING] hint_generator.py[line:259] 5 / 24, 2
2022-11-16 21:10:21 [P-5304] [MainThread] [hint_generator] [WARNING] hint_generator.py[line:268] 5 / 24, 3
2022-11-16 21:10:21 [P-5304] [MainThread] [hint_generator] [WARNING] hint_generator.py[line:272] 5 / 24, 4
2022-11-16 21:10:21 [P-5304] [MainThread] [hint_generator] [INFO] hint_generator.py[line:274] prediction: 0.07692854650318623
2022-11-16 21:10:21 [P-5304] [MainThread] [hint_generator] [INFO] hint_generator.py[line:275] prediction upper bound: 0.07858841188085539
2022-11-16 21:10:21 [P-5304] [MainThread] [hint_generator] [INFO] hint_generator.py[line:276] prediction lower bound: 0.07526868112551707
2022-11-16 21:10:21 [P-5304] [MainThread] [hint_generator] [INFO] hint_generator.py[line:277] ******************************
2022-11-16 21:10:21 [P-5304] [MainThread] [hint_generator] [WARNING] hint_generator.py[line:251] 6 / 24, 1
2022-11-16 21:10:21 [P-5304] [MainThread] [hint_generator] [DEBUG] hint_generator.py[line:579] title.kind_id not in dict
2022-11-16 21:10:22 [P-5304] [MainThread] [hint_generator] [WARNING] hint_generator.py[line:259] 6 / 24, 2
2022-11-16 21:10:22 [P-5304] [MainThread] [hint_generator] [WARNING] hint_generator.py[line:268] 6 / 24, 3
2022-11-16 21:10:22 [P-5304] [MainThread] [hint_generator] [WARNING] hint_generator.py[line:272] 6 / 24, 4
2022-11-16 21:10:22 [P-5304] [MainThread] [hint_generator] [INFO] hint_generator.py[line:274] prediction: 0.07633395381271839
2022-11-16 21:10:22 [P-5304] [MainThread] [hint_generator] [INFO] hint_generator.py[line:275] prediction upper bound: 0.0791399352866531
2022-11-16 21:10:22 [P-5304] [MainThread] [hint_generator] [INFO] hint_generator.py[line:276] prediction lower bound: 0.07352797233878368
2022-11-16 21:10:22 [P-5304] [MainThread] [hint_generator] [INFO] hint_generator.py[line:277] ******************************
2022-11-16 21:10:22 [P-5304] [MainThread] [hint_generator] [WARNING] hint_generator.py[line:251] 7 / 24, 1
2022-11-16 21:10:22 [P-5304] [MainThread] [hint_generator] [DEBUG] hint_generator.py[line:579] title.kind_id not in dict
2022-11-16 21:10:22 [P-5304] [MainThread] [hint_generator] [WARNING] hint_generator.py[line:259] 7 / 24, 2
2022-11-16 21:10:22 [P-5304] [MainThread] [hint_generator] [WARNING] hint_generator.py[line:268] 7 / 24, 3
2022-11-16 21:10:22 [P-5304] [MainThread] [hint_generator] [WARNING] hint_generator.py[line:272] 7 / 24, 4
2022-11-16 21:10:22 [P-5304] [MainThread] [hint_generator] [INFO] hint_generator.py[line:274] prediction: 0.07627007313072681
2022-11-16 21:10:22 [P-5304] [MainThread] [hint_generator] [INFO] hint_generator.py[line:275] prediction upper bound: 0.07879040108112355
2022-11-16 21:10:22 [P-5304] [MainThread] [hint_generator] [INFO] hint_generator.py[line:276] prediction lower bound: 0.07374974518033008
2022-11-16 21:10:22 [P-5304] [MainThread] [hint_generator] [INFO] hint_generator.py[line:277] ******************************
2022-11-16 21:10:22 [P-5304] [MainThread] [hint_generator] [WARNING] hint_generator.py[line:251] 8 / 24, 1
2022-11-16 21:10:22 [P-5304] [MainThread] [hint_generator] [DEBUG] hint_generator.py[line:579] title.kind_id not in dict
2022-11-16 21:10:23 [P-5304] [MainThread] [hint_generator] [WARNING] hint_generator.py[line:259] 8 / 24, 2
2022-11-16 21:10:23 [P-5304] [MainThread] [hint_generator] [WARNING] hint_generator.py[line:268] 8 / 24, 3
2022-11-16 21:10:23 [P-5304] [MainThread] [hint_generator] [WARNING] hint_generator.py[line:272] 8 / 24, 4
2022-11-16 21:10:23 [P-5304] [MainThread] [hint_generator] [INFO] hint_generator.py[line:274] prediction: 0.07599567465484142
2022-11-16 21:10:23 [P-5304] [MainThread] [hint_generator] [INFO] hint_generator.py[line:275] prediction upper bound: 0.07973410778928261
2022-11-16 21:10:23 [P-5304] [MainThread] [hint_generator] [INFO] hint_generator.py[line:276] prediction lower bound: 0.07225724152040022
2022-11-16 21:10:23 [P-5304] [MainThread] [hint_generator] [INFO] hint_generator.py[line:277] ******************************
2022-11-16 21:10:23 [P-5304] [MainThread] [hint_generator] [WARNING] hint_generator.py[line:251] 9 / 24, 1
2022-11-16 21:10:23 [P-5304] [MainThread] [hint_generator] [WARNING] hint_generator.py[line:259] 9 / 24, 2
2022-11-16 21:10:23 [P-5304] [MainThread] [hint_generator] [WARNING] hint_generator.py[line:268] 9 / 24, 3
2022-11-16 21:10:23 [P-5304] [MainThread] [hint_generator] [WARNING] hint_generator.py[line:272] 9 / 24, 4
2022-11-16 21:10:23 [P-5304] [MainThread] [hint_generator] [INFO] hint_generator.py[line:274] prediction: 0.07646994188427925
2022-11-16 21:10:23 [P-5304] [MainThread] [hint_generator] [INFO] hint_generator.py[line:275] prediction upper bound: 0.07883745183928606
2022-11-16 21:10:23 [P-5304] [MainThread] [hint_generator] [INFO] hint_generator.py[line:276] prediction lower bound: 0.07410243192927243
2022-11-16 21:10:23 [P-5304] [MainThread] [hint_generator] [INFO] hint_generator.py[line:277] ******************************
2022-11-16 21:10:23 [P-5304] [MainThread] [hint_generator] [WARNING] hint_generator.py[line:251] 10 / 24, 1
2022-11-16 21:10:24 [P-5304] [MainThread] [hint_generator] [WARNING] hint_generator.py[line:259] 10 / 24, 2
2022-11-16 21:10:24 [P-5304] [MainThread] [hint_generator] [WARNING] hint_generator.py[line:268] 10 / 24, 3
2022-11-16 21:10:24 [P-5304] [MainThread] [hint_generator] [WARNING] hint_generator.py[line:272] 10 / 24, 4
2022-11-16 21:10:24 [P-5304] [MainThread] [hint_generator] [INFO] hint_generator.py[line:274] prediction: 0.07696389093995094
2022-11-16 21:10:24 [P-5304] [MainThread] [hint_generator] [INFO] hint_generator.py[line:275] prediction upper bound: 0.07920002793943956
2022-11-16 21:10:24 [P-5304] [MainThread] [hint_generator] [INFO] hint_generator.py[line:276] prediction lower bound: 0.07472775394046233
2022-11-16 21:10:24 [P-5304] [MainThread] [hint_generator] [INFO] hint_generator.py[line:277] ******************************
2022-11-16 21:10:24 [P-5304] [MainThread] [hint_generator] [WARNING] hint_generator.py[line:251] 11 / 24, 1
2022-11-16 21:10:24 [P-5304] [MainThread] [hint_generator] [WARNING] hint_generator.py[line:259] 11 / 24, 2
2022-11-16 21:10:24 [P-5304] [MainThread] [hint_generator] [WARNING] hint_generator.py[line:268] 11 / 24, 3
2022-11-16 21:10:24 [P-5304] [MainThread] [hint_generator] [WARNING] hint_generator.py[line:272] 11 / 24, 4
2022-11-16 21:10:24 [P-5304] [MainThread] [hint_generator] [INFO] hint_generator.py[line:274] prediction: 0.07663919001817704
2022-11-16 21:10:24 [P-5304] [MainThread] [hint_generator] [INFO] hint_generator.py[line:275] prediction upper bound: 0.08006333118606666
2022-11-16 21:10:24 [P-5304] [MainThread] [hint_generator] [INFO] hint_generator.py[line:276] prediction lower bound: 0.07321504885028741
2022-11-16 21:10:24 [P-5304] [MainThread] [hint_generator] [INFO] hint_generator.py[line:277] ******************************
2022-11-16 21:10:24 [P-5304] [MainThread] [hint_generator] [WARNING] hint_generator.py[line:251] 12 / 24, 1
2022-11-16 21:10:25 [P-5304] [MainThread] [hint_generator] [WARNING] hint_generator.py[line:259] 12 / 24, 2
2022-11-16 21:10:25 [P-5304] [MainThread] [hint_generator] [WARNING] hint_generator.py[line:268] 12 / 24, 3
2022-11-16 21:10:25 [P-5304] [MainThread] [hint_generator] [WARNING] hint_generator.py[line:272] 12 / 24, 4
2022-11-16 21:10:25 [P-5304] [MainThread] [hint_generator] [INFO] hint_generator.py[line:274] prediction: 0.07671490497887135
2022-11-16 21:10:25 [P-5304] [MainThread] [hint_generator] [INFO] hint_generator.py[line:275] prediction upper bound: 0.07928043209460017
2022-11-16 21:10:25 [P-5304] [MainThread] [hint_generator] [INFO] hint_generator.py[line:276] prediction lower bound: 0.07414937786314252
2022-11-16 21:10:25 [P-5304] [MainThread] [hint_generator] [INFO] hint_generator.py[line:277] ******************************
2022-11-16 21:10:25 [P-5304] [MainThread] [hint_generator] [WARNING] hint_generator.py[line:251] 13 / 24, 1
2022-11-16 21:10:25 [P-5304] [MainThread] [hint_generator] [WARNING] hint_generator.py[line:259] 13 / 24, 2
2022-11-16 21:10:25 [P-5304] [MainThread] [hint_generator] [WARNING] hint_generator.py[line:268] 13 / 24, 3
2022-11-16 21:10:25 [P-5304] [MainThread] [hint_generator] [WARNING] hint_generator.py[line:272] 13 / 24, 4
2022-11-16 21:10:25 [P-5304] [MainThread] [hint_generator] [INFO] hint_generator.py[line:274] prediction: 0.07669794514775276
2022-11-16 21:10:25 [P-5304] [MainThread] [hint_generator] [INFO] hint_generator.py[line:275] prediction upper bound: 0.07895792074109287
2022-11-16 21:10:25 [P-5304] [MainThread] [hint_generator] [INFO] hint_generator.py[line:276] prediction lower bound: 0.07443796955441265
2022-11-16 21:10:25 [P-5304] [MainThread] [hint_generator] [INFO] hint_generator.py[line:277] ******************************
2022-11-16 21:10:25 [P-5304] [MainThread] [hint_generator] [WARNING] hint_generator.py[line:251] 14 / 24, 1
2022-11-16 21:10:26 [P-5304] [MainThread] [hint_generator] [WARNING] hint_generator.py[line:259] 14 / 24, 2
2022-11-16 21:10:26 [P-5304] [MainThread] [hint_generator] [WARNING] hint_generator.py[line:268] 14 / 24, 3
2022-11-16 21:10:26 [P-5304] [MainThread] [hint_generator] [WARNING] hint_generator.py[line:272] 14 / 24, 4
2022-11-16 21:10:26 [P-5304] [MainThread] [hint_generator] [INFO] hint_generator.py[line:274] prediction: 0.07666965045034885
2022-11-16 21:10:26 [P-5304] [MainThread] [hint_generator] [INFO] hint_generator.py[line:275] prediction upper bound: 0.07910512602455322
2022-11-16 21:10:26 [P-5304] [MainThread] [hint_generator] [INFO] hint_generator.py[line:276] prediction lower bound: 0.07423417487614448
2022-11-16 21:10:26 [P-5304] [MainThread] [hint_generator] [INFO] hint_generator.py[line:277] ******************************
2022-11-16 21:10:26 [P-5304] [MainThread] [hint_generator] [WARNING] hint_generator.py[line:251] 15 / 24, 1
2022-11-16 21:10:26 [P-5304] [MainThread] [hint_generator] [WARNING] hint_generator.py[line:259] 15 / 24, 2
2022-11-16 21:10:26 [P-5304] [MainThread] [hint_generator] [WARNING] hint_generator.py[line:268] 15 / 24, 3
2022-11-16 21:10:26 [P-5304] [MainThread] [hint_generator] [WARNING] hint_generator.py[line:272] 15 / 24, 4
2022-11-16 21:10:26 [P-5304] [MainThread] [hint_generator] [INFO] hint_generator.py[line:274] prediction: 0.07637578200548888
2022-11-16 21:10:26 [P-5304] [MainThread] [hint_generator] [INFO] hint_generator.py[line:275] prediction upper bound: 0.0787218294880965
2022-11-16 21:10:26 [P-5304] [MainThread] [hint_generator] [INFO] hint_generator.py[line:276] prediction lower bound: 0.07402973452288125
2022-11-16 21:10:26 [P-5304] [MainThread] [hint_generator] [INFO] hint_generator.py[line:277] ******************************
2022-11-16 21:10:26 [P-5304] [MainThread] [hint_generator] [WARNING] hint_generator.py[line:251] 16 / 24, 1
2022-11-16 21:10:27 [P-5304] [MainThread] [hint_generator] [WARNING] hint_generator.py[line:259] 16 / 24, 2
2022-11-16 21:10:27 [P-5304] [MainThread] [hint_generator] [WARNING] hint_generator.py[line:268] 16 / 24, 3
2022-11-16 21:10:27 [P-5304] [MainThread] [hint_generator] [WARNING] hint_generator.py[line:272] 16 / 24, 4
2022-11-16 21:10:27 [P-5304] [MainThread] [hint_generator] [INFO] hint_generator.py[line:274] prediction: 0.07658170349895954
2022-11-16 21:10:27 [P-5304] [MainThread] [hint_generator] [INFO] hint_generator.py[line:275] prediction upper bound: 0.08012266840085502
2022-11-16 21:10:27 [P-5304] [MainThread] [hint_generator] [INFO] hint_generator.py[line:276] prediction lower bound: 0.07304073859706406
2022-11-16 21:10:27 [P-5304] [MainThread] [hint_generator] [INFO] hint_generator.py[line:277] ******************************
2022-11-16 21:10:27 [P-5304] [MainThread] [hint_generator] [WARNING] hint_generator.py[line:251] 17 / 24, 1
2022-11-16 21:10:27 [P-5304] [MainThread] [hint_generator] [WARNING] hint_generator.py[line:259] 17 / 24, 2
2022-11-16 21:10:27 [P-5304] [MainThread] [hint_generator] [WARNING] hint_generator.py[line:268] 17 / 24, 3
2022-11-16 21:10:27 [P-5304] [MainThread] [hint_generator] [WARNING] hint_generator.py[line:272] 17 / 24, 4
2022-11-16 21:10:27 [P-5304] [MainThread] [hint_generator] [INFO] hint_generator.py[line:274] prediction: 0.07654586412012578
2022-11-16 21:10:27 [P-5304] [MainThread] [hint_generator] [INFO] hint_generator.py[line:275] prediction upper bound: 0.07924960514610652
2022-11-16 21:10:27 [P-5304] [MainThread] [hint_generator] [INFO] hint_generator.py[line:276] prediction lower bound: 0.07384212309414503
2022-11-16 21:10:27 [P-5304] [MainThread] [hint_generator] [INFO] hint_generator.py[line:277] ******************************
2022-11-16 21:10:44 [P-5304] [MainThread] [hint_generator] [WARNING] hint_generator.py[line:251] 18 / 24, 1
