2022-11-16 21:07:29 [P-21408] [MainThread] [hint_generator] [WARNING] hint_generator.py[line:249] 0 / 24
2022-11-16 21:07:30 [P-21408] [MainThread] [hint_generator] [INFO] hint_generator.py[line:272] prediction: 0.0767122295498848
2022-11-16 21:07:30 [P-21408] [MainThread] [hint_generator] [INFO] hint_generator.py[line:273] prediction upper bound: 0.07812178169341555
2022-11-16 21:07:30 [P-21408] [MainThread] [hint_generator] [INFO] hint_generator.py[line:274] prediction lower bound: 0.07530267740635405
2022-11-16 21:07:30 [P-21408] [MainThread] [hint_generator] [INFO] hint_generator.py[line:275] ******************************
2022-11-16 21:07:30 [P-21408] [MainThread] [hint_generator] [WARNING] hint_generator.py[line:249] 1 / 24
2022-11-16 21:07:30 [P-21408] [MainThread] [hint_generator] [DEBUG] hint_generator.py[line:577] title.kind_id not in dict
2022-11-16 21:07:31 [P-21408] [MainThread] [hint_generator] [INFO] hint_generator.py[line:272] prediction: 0.07612953223288059
2022-11-16 21:07:31 [P-21408] [MainThread] [hint_generator] [INFO] hint_generator.py[line:273] prediction upper bound: 0.07928530045978807
2022-11-16 21:07:31 [P-21408] [MainThread] [hint_generator] [INFO] hint_generator.py[line:274] prediction lower bound: 0.07297376400597311
2022-11-16 21:07:31 [P-21408] [MainThread] [hint_generator] [INFO] hint_generator.py[line:275] ******************************
2022-11-16 21:07:31 [P-21408] [MainThread] [hint_generator] [WARNING] hint_generator.py[line:249] 2 / 24
2022-11-16 21:07:31 [P-21408] [MainThread] [hint_generator] [DEBUG] hint_generator.py[line:577] title.kind_id not in dict
2022-11-16 21:07:31 [P-21408] [MainThread] [hint_generator] [INFO] hint_generator.py[line:272] prediction: 0.0768710895627737
2022-11-16 21:07:31 [P-21408] [MainThread] [hint_generator] [INFO] hint_generator.py[line:273] prediction upper bound: 0.0792078515784351
2022-11-16 21:07:31 [P-21408] [MainThread] [hint_generator] [INFO] hint_generator.py[line:274] prediction lower bound: 0.07453432754711231
2022-11-16 21:07:31 [P-21408] [MainThread] [hint_generator] [INFO] hint_generator.py[line:275] ******************************
2022-11-16 21:07:31 [P-21408] [MainThread] [hint_generator] [WARNING] hint_generator.py[line:249] 3 / 24
2022-11-16 21:07:32 [P-21408] [MainThread] [hint_generator] [INFO] hint_generator.py[line:272] prediction: 0.07719806753098965
2022-11-16 21:07:32 [P-21408] [MainThread] [hint_generator] [INFO] hint_generator.py[line:273] prediction upper bound: 0.07936701200642376
2022-11-16 21:07:32 [P-21408] [MainThread] [hint_generator] [INFO] hint_generator.py[line:274] prediction lower bound: 0.07502912305555554
2022-11-16 21:07:32 [P-21408] [MainThread] [hint_generator] [INFO] hint_generator.py[line:275] ******************************
2022-11-16 21:07:32 [P-21408] [MainThread] [hint_generator] [WARNING] hint_generator.py[line:249] 4 / 24
2022-11-16 21:07:32 [P-21408] [MainThread] [hint_generator] [INFO] hint_generator.py[line:272] prediction: 0.07651510953903198
2022-11-16 21:07:32 [P-21408] [MainThread] [hint_generator] [INFO] hint_generator.py[line:273] prediction upper bound: 0.0782235888583201
2022-11-16 21:07:32 [P-21408] [MainThread] [hint_generator] [INFO] hint_generator.py[line:274] prediction lower bound: 0.07480663021974386
2022-11-16 21:07:32 [P-21408] [MainThread] [hint_generator] [INFO] hint_generator.py[line:275] ******************************
2022-11-16 21:07:32 [P-21408] [MainThread] [hint_generator] [WARNING] hint_generator.py[line:249] 5 / 24
2022-11-16 21:07:33 [P-21408] [MainThread] [hint_generator] [INFO] hint_generator.py[line:272] prediction: 0.07666181311011315
2022-11-16 21:07:33 [P-21408] [MainThread] [hint_generator] [INFO] hint_generator.py[line:273] prediction upper bound: 0.07843105568821765
2022-11-16 21:07:33 [P-21408] [MainThread] [hint_generator] [INFO] hint_generator.py[line:274] prediction lower bound: 0.07489257053200865
2022-11-16 21:07:33 [P-21408] [MainThread] [hint_generator] [INFO] hint_generator.py[line:275] ******************************
2022-11-16 21:07:33 [P-21408] [MainThread] [hint_generator] [WARNING] hint_generator.py[line:249] 6 / 24
2022-11-16 21:07:33 [P-21408] [MainThread] [hint_generator] [DEBUG] hint_generator.py[line:577] title.kind_id not in dict
2022-11-16 21:07:33 [P-21408] [MainThread] [hint_generator] [INFO] hint_generator.py[line:272] prediction: 0.07654525242745876
2022-11-16 21:07:33 [P-21408] [MainThread] [hint_generator] [INFO] hint_generator.py[line:273] prediction upper bound: 0.07875101087420533
2022-11-16 21:07:33 [P-21408] [MainThread] [hint_generator] [INFO] hint_generator.py[line:274] prediction lower bound: 0.07433949398071218
2022-11-16 21:07:33 [P-21408] [MainThread] [hint_generator] [INFO] hint_generator.py[line:275] ******************************
2022-11-16 21:07:33 [P-21408] [MainThread] [hint_generator] [WARNING] hint_generator.py[line:249] 7 / 24
2022-11-16 21:07:33 [P-21408] [MainThread] [hint_generator] [DEBUG] hint_generator.py[line:577] title.kind_id not in dict
2022-11-16 21:07:34 [P-21408] [MainThread] [hint_generator] [INFO] hint_generator.py[line:272] prediction: 0.07684028990566731
2022-11-16 21:07:34 [P-21408] [MainThread] [hint_generator] [INFO] hint_generator.py[line:273] prediction upper bound: 0.07954526250598822
2022-11-16 21:07:34 [P-21408] [MainThread] [hint_generator] [INFO] hint_generator.py[line:274] prediction lower bound: 0.07413531730534641
2022-11-16 21:07:34 [P-21408] [MainThread] [hint_generator] [INFO] hint_generator.py[line:275] ******************************
2022-11-16 21:07:34 [P-21408] [MainThread] [hint_generator] [WARNING] hint_generator.py[line:249] 8 / 24
2022-11-16 21:07:34 [P-21408] [MainThread] [hint_generator] [DEBUG] hint_generator.py[line:577] title.kind_id not in dict
2022-11-16 21:07:34 [P-21408] [MainThread] [hint_generator] [INFO] hint_generator.py[line:272] prediction: 0.07649808511137962
2022-11-16 21:07:34 [P-21408] [MainThread] [hint_generator] [INFO] hint_generator.py[line:273] prediction upper bound: 0.07889143266879861
2022-11-16 21:07:34 [P-21408] [MainThread] [hint_generator] [INFO] hint_generator.py[line:274] prediction lower bound: 0.07410473755396063
2022-11-16 21:07:34 [P-21408] [MainThread] [hint_generator] [INFO] hint_generator.py[line:275] ******************************
2022-11-16 21:07:34 [P-21408] [MainThread] [hint_generator] [WARNING] hint_generator.py[line:249] 9 / 24
2022-11-16 21:07:35 [P-21408] [MainThread] [hint_generator] [INFO] hint_generator.py[line:272] prediction: 0.07688041388988495
2022-11-16 21:07:35 [P-21408] [MainThread] [hint_generator] [INFO] hint_generator.py[line:273] prediction upper bound: 0.07869640414769065
2022-11-16 21:07:35 [P-21408] [MainThread] [hint_generator] [INFO] hint_generator.py[line:274] prediction lower bound: 0.07506442363207926
2022-11-16 21:07:35 [P-21408] [MainThread] [hint_generator] [INFO] hint_generator.py[line:275] ******************************
2022-11-16 21:07:35 [P-21408] [MainThread] [hint_generator] [WARNING] hint_generator.py[line:249] 10 / 24
2022-11-16 21:07:35 [P-21408] [MainThread] [hint_generator] [INFO] hint_generator.py[line:272] prediction: 0.07669079966843129
2022-11-16 21:07:35 [P-21408] [MainThread] [hint_generator] [INFO] hint_generator.py[line:273] prediction upper bound: 0.07934253450334901
2022-11-16 21:07:35 [P-21408] [MainThread] [hint_generator] [INFO] hint_generator.py[line:274] prediction lower bound: 0.07403906483351357
2022-11-16 21:07:35 [P-21408] [MainThread] [hint_generator] [INFO] hint_generator.py[line:275] ******************************
2022-11-16 21:07:35 [P-21408] [MainThread] [hint_generator] [WARNING] hint_generator.py[line:249] 11 / 24
2022-11-16 21:07:36 [P-21408] [MainThread] [hint_generator] [INFO] hint_generator.py[line:272] prediction: 0.0767075277119875
2022-11-16 21:07:36 [P-21408] [MainThread] [hint_generator] [INFO] hint_generator.py[line:273] prediction upper bound: 0.07981057783970494
2022-11-16 21:07:36 [P-21408] [MainThread] [hint_generator] [INFO] hint_generator.py[line:274] prediction lower bound: 0.07360447758427005
2022-11-16 21:07:36 [P-21408] [MainThread] [hint_generator] [INFO] hint_generator.py[line:275] ******************************
2022-11-16 21:07:36 [P-21408] [MainThread] [hint_generator] [WARNING] hint_generator.py[line:249] 12 / 24
2022-11-16 21:07:36 [P-21408] [MainThread] [hint_generator] [INFO] hint_generator.py[line:272] prediction: 0.07631726562976837
2022-11-16 21:07:36 [P-21408] [MainThread] [hint_generator] [INFO] hint_generator.py[line:273] prediction upper bound: 0.07922919885622531
2022-11-16 21:07:36 [P-21408] [MainThread] [hint_generator] [INFO] hint_generator.py[line:274] prediction lower bound: 0.07340533240331143
2022-11-16 21:07:36 [P-21408] [MainThread] [hint_generator] [INFO] hint_generator.py[line:275] ******************************
2022-11-16 21:07:36 [P-21408] [MainThread] [hint_generator] [WARNING] hint_generator.py[line:249] 13 / 24
2022-11-16 21:07:37 [P-21408] [MainThread] [hint_generator] [INFO] hint_generator.py[line:272] prediction: 0.07650174915790559
2022-11-16 21:07:37 [P-21408] [MainThread] [hint_generator] [INFO] hint_generator.py[line:273] prediction upper bound: 0.08016826231408465
2022-11-16 21:07:37 [P-21408] [MainThread] [hint_generator] [INFO] hint_generator.py[line:274] prediction lower bound: 0.07283523600172652
2022-11-16 21:07:37 [P-21408] [MainThread] [hint_generator] [INFO] hint_generator.py[line:275] ******************************
2022-11-16 21:07:37 [P-21408] [MainThread] [hint_generator] [WARNING] hint_generator.py[line:249] 14 / 24
2022-11-16 21:07:37 [P-21408] [MainThread] [hint_generator] [INFO] hint_generator.py[line:272] prediction: 0.0762365585565567
2022-11-16 21:07:37 [P-21408] [MainThread] [hint_generator] [INFO] hint_generator.py[line:273] prediction upper bound: 0.07909594855298886
2022-11-16 21:07:37 [P-21408] [MainThread] [hint_generator] [INFO] hint_generator.py[line:274] prediction lower bound: 0.07337716856012454
2022-11-16 21:07:37 [P-21408] [MainThread] [hint_generator] [INFO] hint_generator.py[line:275] ******************************
2022-11-16 21:07:37 [P-21408] [MainThread] [hint_generator] [WARNING] hint_generator.py[line:249] 15 / 24
2022-11-16 21:07:38 [P-21408] [MainThread] [hint_generator] [INFO] hint_generator.py[line:272] prediction: 0.07638722293078899
2022-11-16 21:07:38 [P-21408] [MainThread] [hint_generator] [INFO] hint_generator.py[line:273] prediction upper bound: 0.0792591184102322
2022-11-16 21:07:38 [P-21408] [MainThread] [hint_generator] [INFO] hint_generator.py[line:274] prediction lower bound: 0.07351532745134579
2022-11-16 21:07:38 [P-21408] [MainThread] [hint_generator] [INFO] hint_generator.py[line:275] ******************************
2022-11-16 21:07:38 [P-21408] [MainThread] [hint_generator] [WARNING] hint_generator.py[line:249] 16 / 24
2022-11-16 21:07:38 [P-21408] [MainThread] [hint_generator] [INFO] hint_generator.py[line:272] prediction: 0.07662920467555523
2022-11-16 21:07:38 [P-21408] [MainThread] [hint_generator] [INFO] hint_generator.py[line:273] prediction upper bound: 0.07880687623820803
2022-11-16 21:07:38 [P-21408] [MainThread] [hint_generator] [INFO] hint_generator.py[line:274] prediction lower bound: 0.07445153311290242
2022-11-16 21:07:38 [P-21408] [MainThread] [hint_generator] [INFO] hint_generator.py[line:275] ******************************
2022-11-16 21:07:38 [P-21408] [MainThread] [hint_generator] [WARNING] hint_generator.py[line:249] 17 / 24
2022-11-16 21:07:39 [P-21408] [MainThread] [hint_generator] [INFO] hint_generator.py[line:272] prediction: 0.07678731597959995
2022-11-16 21:07:39 [P-21408] [MainThread] [hint_generator] [INFO] hint_generator.py[line:273] prediction upper bound: 0.07897565581010392
2022-11-16 21:07:39 [P-21408] [MainThread] [hint_generator] [INFO] hint_generator.py[line:274] prediction lower bound: 0.07459897614909598
2022-11-16 21:07:39 [P-21408] [MainThread] [hint_generator] [INFO] hint_generator.py[line:275] ******************************
2022-11-16 21:07:39 [P-21408] [MainThread] [hint_generator] [WARNING] hint_generator.py[line:249] 18 / 24
