2022-11-16 21:16:24 [P-1864] [MainThread] [hint_generator] [WARNING] hint_generator.py[line:251] 0 / 24, 1
2022-11-16 21:16:24 [P-1864] [MainThread] [hint_generator] [WARNING] hint_generator.py[line:261] 0 / 24, 2
2022-11-16 21:16:24 [P-1864] [MainThread] [hint_generator] [WARNING] hint_generator.py[line:270] 0 / 24, 3
2022-11-16 21:16:25 [P-1864] [MainThread] [hint_generator] [WARNING] hint_generator.py[line:274] 0 / 24, 4
2022-11-16 21:16:25 [P-1864] [MainThread] [hint_generator] [INFO] hint_generator.py[line:276] prediction: 0.07655639387667179
2022-11-16 21:16:25 [P-1864] [MainThread] [hint_generator] [INFO] hint_generator.py[line:277] prediction upper bound: 0.0794102953777612
2022-11-16 21:16:25 [P-1864] [MainThread] [hint_generator] [INFO] hint_generator.py[line:278] prediction lower bound: 0.07370249237558238
2022-11-16 21:16:25 [P-1864] [MainThread] [hint_generator] [INFO] hint_generator.py[line:279] ******************************
2022-11-16 21:16:25 [P-1864] [MainThread] [hint_generator] [WARNING] hint_generator.py[line:251] 1 / 24, 1
2022-11-16 21:16:25 [P-1864] [MainThread] [hint_generator] [DEBUG] hint_generator.py[line:584] title.kind_id not in dict
2022-11-16 21:16:25 [P-1864] [MainThread] [hint_generator] [WARNING] hint_generator.py[line:261] 1 / 24, 2
2022-11-16 21:16:25 [P-1864] [MainThread] [hint_generator] [WARNING] hint_generator.py[line:270] 1 / 24, 3
2022-11-16 21:16:25 [P-1864] [MainThread] [hint_generator] [WARNING] hint_generator.py[line:274] 1 / 24, 4
2022-11-16 21:16:25 [P-1864] [MainThread] [hint_generator] [INFO] hint_generator.py[line:276] prediction: 0.07662781365215779
2022-11-16 21:16:25 [P-1864] [MainThread] [hint_generator] [INFO] hint_generator.py[line:277] prediction upper bound: 0.07894254567123485
2022-11-16 21:16:25 [P-1864] [MainThread] [hint_generator] [INFO] hint_generator.py[line:278] prediction lower bound: 0.07431308163308073
2022-11-16 21:16:25 [P-1864] [MainThread] [hint_generator] [INFO] hint_generator.py[line:279] ******************************
2022-11-16 21:16:25 [P-1864] [MainThread] [hint_generator] [WARNING] hint_generator.py[line:251] 2 / 24, 1
2022-11-16 21:16:25 [P-1864] [MainThread] [hint_generator] [DEBUG] hint_generator.py[line:584] title.kind_id not in dict
2022-11-16 21:16:25 [P-1864] [MainThread] [hint_generator] [WARNING] hint_generator.py[line:261] 2 / 24, 2
2022-11-16 21:16:25 [P-1864] [MainThread] [hint_generator] [WARNING] hint_generator.py[line:270] 2 / 24, 3
2022-11-16 21:16:26 [P-1864] [MainThread] [hint_generator] [WARNING] hint_generator.py[line:274] 2 / 24, 4
2022-11-16 21:16:26 [P-1864] [MainThread] [hint_generator] [INFO] hint_generator.py[line:276] prediction: 0.07648949660360813
2022-11-16 21:16:26 [P-1864] [MainThread] [hint_generator] [INFO] hint_generator.py[line:277] prediction upper bound: 0.07875044468643837
2022-11-16 21:16:26 [P-1864] [MainThread] [hint_generator] [INFO] hint_generator.py[line:278] prediction lower bound: 0.07422854852077788
2022-11-16 21:16:26 [P-1864] [MainThread] [hint_generator] [INFO] hint_generator.py[line:279] ******************************
2022-11-16 21:16:26 [P-1864] [MainThread] [hint_generator] [WARNING] hint_generator.py[line:251] 3 / 24, 1
2022-11-16 21:16:26 [P-1864] [MainThread] [hint_generator] [WARNING] hint_generator.py[line:261] 3 / 24, 2
2022-11-16 21:16:26 [P-1864] [MainThread] [hint_generator] [WARNING] hint_generator.py[line:270] 3 / 24, 3
2022-11-16 21:16:26 [P-1864] [MainThread] [hint_generator] [WARNING] hint_generator.py[line:274] 3 / 24, 4
2022-11-16 21:16:26 [P-1864] [MainThread] [hint_generator] [INFO] hint_generator.py[line:276] prediction: 0.07652478031814099
2022-11-16 21:16:26 [P-1864] [MainThread] [hint_generator] [INFO] hint_generator.py[line:277] prediction upper bound: 0.0796688777709002
2022-11-16 21:16:26 [P-1864] [MainThread] [hint_generator] [INFO] hint_generator.py[line:278] prediction lower bound: 0.07338068286538177
2022-11-16 21:16:26 [P-1864] [MainThread] [hint_generator] [INFO] hint_generator.py[line:279] ******************************
2022-11-16 21:16:26 [P-1864] [MainThread] [hint_generator] [WARNING] hint_generator.py[line:251] 4 / 24, 1
2022-11-16 21:16:26 [P-1864] [MainThread] [hint_generator] [WARNING] hint_generator.py[line:261] 4 / 24, 2
2022-11-16 21:16:26 [P-1864] [MainThread] [hint_generator] [WARNING] hint_generator.py[line:270] 4 / 24, 3
2022-11-16 21:16:27 [P-1864] [MainThread] [hint_generator] [WARNING] hint_generator.py[line:274] 4 / 24, 4
2022-11-16 21:16:27 [P-1864] [MainThread] [hint_generator] [INFO] hint_generator.py[line:276] prediction: 0.07641205862164498
2022-11-16 21:16:27 [P-1864] [MainThread] [hint_generator] [INFO] hint_generator.py[line:277] prediction upper bound: 0.07874165445597711
2022-11-16 21:16:27 [P-1864] [MainThread] [hint_generator] [INFO] hint_generator.py[line:278] prediction lower bound: 0.07408246278731284
2022-11-16 21:16:27 [P-1864] [MainThread] [hint_generator] [INFO] hint_generator.py[line:279] ******************************
2022-11-16 21:16:27 [P-1864] [MainThread] [hint_generator] [WARNING] hint_generator.py[line:251] 5 / 24, 1
2022-11-16 21:16:27 [P-1864] [MainThread] [hint_generator] [WARNING] hint_generator.py[line:261] 5 / 24, 2
2022-11-16 21:16:27 [P-1864] [MainThread] [hint_generator] [WARNING] hint_generator.py[line:270] 5 / 24, 3
2022-11-16 21:16:27 [P-1864] [MainThread] [hint_generator] [WARNING] hint_generator.py[line:274] 5 / 24, 4
2022-11-16 21:16:27 [P-1864] [MainThread] [hint_generator] [INFO] hint_generator.py[line:276] prediction: 0.07649969950318336
2022-11-16 21:16:27 [P-1864] [MainThread] [hint_generator] [INFO] hint_generator.py[line:277] prediction upper bound: 0.07869058181336797
2022-11-16 21:16:27 [P-1864] [MainThread] [hint_generator] [INFO] hint_generator.py[line:278] prediction lower bound: 0.07430881719299876
2022-11-16 21:16:27 [P-1864] [MainThread] [hint_generator] [INFO] hint_generator.py[line:279] ******************************
2022-11-16 21:16:27 [P-1864] [MainThread] [hint_generator] [WARNING] hint_generator.py[line:251] 6 / 24, 1
2022-11-16 21:16:27 [P-1864] [MainThread] [hint_generator] [DEBUG] hint_generator.py[line:584] title.kind_id not in dict
2022-11-16 21:16:27 [P-1864] [MainThread] [hint_generator] [WARNING] hint_generator.py[line:261] 6 / 24, 2
2022-11-16 21:16:27 [P-1864] [MainThread] [hint_generator] [WARNING] hint_generator.py[line:270] 6 / 24, 3
2022-11-16 21:16:28 [P-1864] [MainThread] [hint_generator] [WARNING] hint_generator.py[line:274] 6 / 24, 4
2022-11-16 21:16:28 [P-1864] [MainThread] [hint_generator] [INFO] hint_generator.py[line:276] prediction: 0.07685567028820514
2022-11-16 21:16:28 [P-1864] [MainThread] [hint_generator] [INFO] hint_generator.py[line:277] prediction upper bound: 0.07867897097798707
2022-11-16 21:16:28 [P-1864] [MainThread] [hint_generator] [INFO] hint_generator.py[line:278] prediction lower bound: 0.07503236959842322
2022-11-16 21:16:28 [P-1864] [MainThread] [hint_generator] [INFO] hint_generator.py[line:279] ******************************
2022-11-16 21:16:28 [P-1864] [MainThread] [hint_generator] [WARNING] hint_generator.py[line:251] 7 / 24, 1
2022-11-16 21:16:28 [P-1864] [MainThread] [hint_generator] [DEBUG] hint_generator.py[line:584] title.kind_id not in dict
2022-11-16 21:16:28 [P-1864] [MainThread] [hint_generator] [WARNING] hint_generator.py[line:261] 7 / 24, 2
2022-11-16 21:16:28 [P-1864] [MainThread] [hint_generator] [WARNING] hint_generator.py[line:270] 7 / 24, 3
2022-11-16 21:16:28 [P-1864] [MainThread] [hint_generator] [WARNING] hint_generator.py[line:274] 7 / 24, 4
2022-11-16 21:16:28 [P-1864] [MainThread] [hint_generator] [INFO] hint_generator.py[line:276] prediction: 0.0765709125995636
2022-11-16 21:16:28 [P-1864] [MainThread] [hint_generator] [INFO] hint_generator.py[line:277] prediction upper bound: 0.07876948470978494
2022-11-16 21:16:28 [P-1864] [MainThread] [hint_generator] [INFO] hint_generator.py[line:278] prediction lower bound: 0.07437234048934226
2022-11-16 21:16:28 [P-1864] [MainThread] [hint_generator] [INFO] hint_generator.py[line:279] ******************************
2022-11-16 21:16:28 [P-1864] [MainThread] [hint_generator] [WARNING] hint_generator.py[line:251] 8 / 24, 1
2022-11-16 21:16:28 [P-1864] [MainThread] [hint_generator] [DEBUG] hint_generator.py[line:584] title.kind_id not in dict
2022-11-16 21:16:28 [P-1864] [MainThread] [hint_generator] [WARNING] hint_generator.py[line:261] 8 / 24, 2
2022-11-16 21:16:28 [P-1864] [MainThread] [hint_generator] [WARNING] hint_generator.py[line:270] 8 / 24, 3
2022-11-16 21:16:29 [P-1864] [MainThread] [hint_generator] [WARNING] hint_generator.py[line:274] 8 / 24, 4
2022-11-16 21:16:29 [P-1864] [MainThread] [hint_generator] [INFO] hint_generator.py[line:276] prediction: 0.07652164310216904
2022-11-16 21:16:29 [P-1864] [MainThread] [hint_generator] [INFO] hint_generator.py[line:277] prediction upper bound: 0.0799495088934283
2022-11-16 21:16:29 [P-1864] [MainThread] [hint_generator] [INFO] hint_generator.py[line:278] prediction lower bound: 0.07309377731090977
2022-11-16 21:16:29 [P-1864] [MainThread] [hint_generator] [INFO] hint_generator.py[line:279] ******************************
2022-11-16 21:16:29 [P-1864] [MainThread] [hint_generator] [WARNING] hint_generator.py[line:251] 9 / 24, 1
2022-11-16 21:16:29 [P-1864] [MainThread] [hint_generator] [WARNING] hint_generator.py[line:261] 9 / 24, 2
2022-11-16 21:16:29 [P-1864] [MainThread] [hint_generator] [WARNING] hint_generator.py[line:270] 9 / 24, 3
2022-11-16 21:16:29 [P-1864] [MainThread] [hint_generator] [WARNING] hint_generator.py[line:274] 9 / 24, 4
2022-11-16 21:16:29 [P-1864] [MainThread] [hint_generator] [INFO] hint_generator.py[line:276] prediction: 0.07709700912237168
2022-11-16 21:16:29 [P-1864] [MainThread] [hint_generator] [INFO] hint_generator.py[line:277] prediction upper bound: 0.0785215511427554
2022-11-16 21:16:29 [P-1864] [MainThread] [hint_generator] [INFO] hint_generator.py[line:278] prediction lower bound: 0.07567246710198795
2022-11-16 21:16:29 [P-1864] [MainThread] [hint_generator] [INFO] hint_generator.py[line:279] ******************************
2022-11-16 21:16:29 [P-1864] [MainThread] [hint_generator] [WARNING] hint_generator.py[line:251] 10 / 24, 1
2022-11-16 21:16:30 [P-1864] [MainThread] [hint_generator] [WARNING] hint_generator.py[line:261] 10 / 24, 2
2022-11-16 21:16:30 [P-1864] [MainThread] [hint_generator] [WARNING] hint_generator.py[line:270] 10 / 24, 3
2022-11-16 21:16:30 [P-1864] [MainThread] [hint_generator] [WARNING] hint_generator.py[line:274] 10 / 24, 4
2022-11-16 21:16:30 [P-1864] [MainThread] [hint_generator] [INFO] hint_generator.py[line:276] prediction: 0.07664945185184478
2022-11-16 21:16:30 [P-1864] [MainThread] [hint_generator] [INFO] hint_generator.py[line:277] prediction upper bound: 0.07925773792833672
2022-11-16 21:16:30 [P-1864] [MainThread] [hint_generator] [INFO] hint_generator.py[line:278] prediction lower bound: 0.07404116577535284
2022-11-16 21:16:30 [P-1864] [MainThread] [hint_generator] [INFO] hint_generator.py[line:279] ******************************
2022-11-16 21:16:30 [P-1864] [MainThread] [hint_generator] [WARNING] hint_generator.py[line:251] 11 / 24, 1
2022-11-16 21:16:30 [P-1864] [MainThread] [hint_generator] [WARNING] hint_generator.py[line:261] 11 / 24, 2
2022-11-16 21:16:30 [P-1864] [MainThread] [hint_generator] [WARNING] hint_generator.py[line:270] 11 / 24, 3
2022-11-16 21:16:30 [P-1864] [MainThread] [hint_generator] [WARNING] hint_generator.py[line:274] 11 / 24, 4
2022-11-16 21:16:30 [P-1864] [MainThread] [hint_generator] [INFO] hint_generator.py[line:276] prediction: 0.07640929244458676
2022-11-16 21:16:30 [P-1864] [MainThread] [hint_generator] [INFO] hint_generator.py[line:277] prediction upper bound: 0.07911802731928277
2022-11-16 21:16:30 [P-1864] [MainThread] [hint_generator] [INFO] hint_generator.py[line:278] prediction lower bound: 0.07370055756989075
2022-11-16 21:16:30 [P-1864] [MainThread] [hint_generator] [INFO] hint_generator.py[line:279] ******************************
2022-11-16 21:16:30 [P-1864] [MainThread] [hint_generator] [WARNING] hint_generator.py[line:251] 12 / 24, 1
2022-11-16 21:16:31 [P-1864] [MainThread] [hint_generator] [WARNING] hint_generator.py[line:261] 12 / 24, 2
2022-11-16 21:16:31 [P-1864] [MainThread] [hint_generator] [WARNING] hint_generator.py[line:270] 12 / 24, 3
2022-11-16 21:16:31 [P-1864] [MainThread] [hint_generator] [WARNING] hint_generator.py[line:274] 12 / 24, 4
2022-11-16 21:16:31 [P-1864] [MainThread] [hint_generator] [INFO] hint_generator.py[line:276] prediction: 0.07690512120723725
2022-11-16 21:16:31 [P-1864] [MainThread] [hint_generator] [INFO] hint_generator.py[line:277] prediction upper bound: 0.07929537731596914
2022-11-16 21:16:31 [P-1864] [MainThread] [hint_generator] [INFO] hint_generator.py[line:278] prediction lower bound: 0.07451486509850536
2022-11-16 21:16:31 [P-1864] [MainThread] [hint_generator] [INFO] hint_generator.py[line:279] ******************************
2022-11-16 21:16:31 [P-1864] [MainThread] [hint_generator] [WARNING] hint_generator.py[line:251] 13 / 24, 1
2022-11-16 21:16:31 [P-1864] [MainThread] [hint_generator] [WARNING] hint_generator.py[line:261] 13 / 24, 2
2022-11-16 21:16:31 [P-1864] [MainThread] [hint_generator] [WARNING] hint_generator.py[line:270] 13 / 24, 3
2022-11-16 21:16:31 [P-1864] [MainThread] [hint_generator] [WARNING] hint_generator.py[line:274] 13 / 24, 4
2022-11-16 21:16:31 [P-1864] [MainThread] [hint_generator] [INFO] hint_generator.py[line:276] prediction: 0.07668849505484104
2022-11-16 21:16:31 [P-1864] [MainThread] [hint_generator] [INFO] hint_generator.py[line:277] prediction upper bound: 0.07847856483559447
2022-11-16 21:16:31 [P-1864] [MainThread] [hint_generator] [INFO] hint_generator.py[line:278] prediction lower bound: 0.07489842527408762
2022-11-16 21:16:31 [P-1864] [MainThread] [hint_generator] [INFO] hint_generator.py[line:279] ******************************
2022-11-16 21:16:31 [P-1864] [MainThread] [hint_generator] [WARNING] hint_generator.py[line:251] 14 / 24, 1
2022-11-16 21:16:31 [P-1864] [MainThread] [hint_generator] [WARNING] hint_generator.py[line:261] 14 / 24, 2
2022-11-16 21:16:31 [P-1864] [MainThread] [hint_generator] [WARNING] hint_generator.py[line:270] 14 / 24, 3
2022-11-16 21:16:32 [P-1864] [MainThread] [hint_generator] [WARNING] hint_generator.py[line:274] 14 / 24, 4
2022-11-16 21:16:32 [P-1864] [MainThread] [hint_generator] [INFO] hint_generator.py[line:276] prediction: 0.07638724714517593
2022-11-16 21:16:32 [P-1864] [MainThread] [hint_generator] [INFO] hint_generator.py[line:277] prediction upper bound: 0.07885901035717453
2022-11-16 21:16:32 [P-1864] [MainThread] [hint_generator] [INFO] hint_generator.py[line:278] prediction lower bound: 0.07391548393317733
2022-11-16 21:16:32 [P-1864] [MainThread] [hint_generator] [INFO] hint_generator.py[line:279] ******************************
2022-11-16 21:16:32 [P-1864] [MainThread] [hint_generator] [WARNING] hint_generator.py[line:251] 15 / 24, 1
2022-11-16 21:16:32 [P-1864] [MainThread] [hint_generator] [WARNING] hint_generator.py[line:261] 15 / 24, 2
2022-11-16 21:16:32 [P-1864] [MainThread] [hint_generator] [WARNING] hint_generator.py[line:270] 15 / 24, 3
2022-11-16 21:16:32 [P-1864] [MainThread] [hint_generator] [WARNING] hint_generator.py[line:274] 15 / 24, 4
2022-11-16 21:16:32 [P-1864] [MainThread] [hint_generator] [INFO] hint_generator.py[line:276] prediction: 0.07600550346076489
2022-11-16 21:16:32 [P-1864] [MainThread] [hint_generator] [INFO] hint_generator.py[line:277] prediction upper bound: 0.07862005573894047
2022-11-16 21:16:32 [P-1864] [MainThread] [hint_generator] [INFO] hint_generator.py[line:278] prediction lower bound: 0.0733909511825893
2022-11-16 21:16:32 [P-1864] [MainThread] [hint_generator] [INFO] hint_generator.py[line:279] ******************************
2022-11-16 21:16:32 [P-1864] [MainThread] [hint_generator] [WARNING] hint_generator.py[line:251] 16 / 24, 1
2022-11-16 21:16:32 [P-1864] [MainThread] [hint_generator] [WARNING] hint_generator.py[line:261] 16 / 24, 2
2022-11-16 21:16:32 [P-1864] [MainThread] [hint_generator] [WARNING] hint_generator.py[line:270] 16 / 24, 3
2022-11-16 21:16:33 [P-1864] [MainThread] [hint_generator] [WARNING] hint_generator.py[line:274] 16 / 24, 4
2022-11-16 21:16:33 [P-1864] [MainThread] [hint_generator] [INFO] hint_generator.py[line:276] prediction: 0.076421816945076
2022-11-16 21:16:33 [P-1864] [MainThread] [hint_generator] [INFO] hint_generator.py[line:277] prediction upper bound: 0.07938049544980648
2022-11-16 21:16:33 [P-1864] [MainThread] [hint_generator] [INFO] hint_generator.py[line:278] prediction lower bound: 0.07346313844034551
2022-11-16 21:16:33 [P-1864] [MainThread] [hint_generator] [INFO] hint_generator.py[line:279] ******************************
2022-11-16 21:16:33 [P-1864] [MainThread] [hint_generator] [WARNING] hint_generator.py[line:251] 17 / 24, 1
2022-11-16 21:16:33 [P-1864] [MainThread] [hint_generator] [WARNING] hint_generator.py[line:261] 17 / 24, 2
2022-11-16 21:16:33 [P-1864] [MainThread] [hint_generator] [WARNING] hint_generator.py[line:270] 17 / 24, 3
2022-11-16 21:16:33 [P-1864] [MainThread] [hint_generator] [WARNING] hint_generator.py[line:274] 17 / 24, 4
2022-11-16 21:16:33 [P-1864] [MainThread] [hint_generator] [INFO] hint_generator.py[line:276] prediction: 0.07646925453096629
2022-11-16 21:16:33 [P-1864] [MainThread] [hint_generator] [INFO] hint_generator.py[line:277] prediction upper bound: 0.07921345662032926
2022-11-16 21:16:33 [P-1864] [MainThread] [hint_generator] [INFO] hint_generator.py[line:278] prediction lower bound: 0.07372505244160331
2022-11-16 21:16:33 [P-1864] [MainThread] [hint_generator] [INFO] hint_generator.py[line:279] ******************************
2022-11-16 21:16:33 [P-1864] [MainThread] [hint_generator] [WARNING] hint_generator.py[line:251] 18 / 24, 1
2022-11-16 21:16:33 [P-1864] [MainThread] [hint_generator] [WARNING] hint_generator.py[line:251] 19 / 24, 1
2022-11-16 21:16:33 [P-1864] [MainThread] [hint_generator] [WARNING] hint_generator.py[line:251] 20 / 24, 1
2022-11-16 21:16:34 [P-1864] [MainThread] [hint_generator] [WARNING] hint_generator.py[line:251] 21 / 24, 1
2022-11-16 21:16:34 [P-1864] [MainThread] [hint_generator] [WARNING] hint_generator.py[line:251] 22 / 24, 1
2022-11-16 21:16:34 [P-1864] [MainThread] [hint_generator] [WARNING] hint_generator.py[line:251] 23 / 24, 1
