2022-11-16 21:11:06 [P-10796] [MainThread] [hint_generator] [WARNING] hint_generator.py[line:251] 0 / 24, 1
2022-11-16 21:11:07 [P-10796] [MainThread] [hint_generator] [WARNING] hint_generator.py[line:259] 0 / 24, 2
2022-11-16 21:11:07 [P-10796] [MainThread] [hint_generator] [WARNING] hint_generator.py[line:268] 0 / 24, 3
2022-11-16 21:11:07 [P-10796] [MainThread] [hint_generator] [WARNING] hint_generator.py[line:272] 0 / 24, 4
2022-11-16 21:11:07 [P-10796] [MainThread] [hint_generator] [INFO] hint_generator.py[line:274] prediction: 0.07667280100286007
2022-11-16 21:11:07 [P-10796] [MainThread] [hint_generator] [INFO] hint_generator.py[line:275] prediction upper bound: 0.07891938576103186
2022-11-16 21:11:07 [P-10796] [MainThread] [hint_generator] [INFO] hint_generator.py[line:276] prediction lower bound: 0.07442621624468829
2022-11-16 21:11:07 [P-10796] [MainThread] [hint_generator] [INFO] hint_generator.py[line:277] ******************************
2022-11-16 21:11:07 [P-10796] [MainThread] [hint_generator] [WARNING] hint_generator.py[line:251] 1 / 24, 1
2022-11-16 21:11:07 [P-10796] [MainThread] [hint_generator] [DEBUG] hint_generator.py[line:579] title.kind_id not in dict
2022-11-16 21:11:08 [P-10796] [MainThread] [hint_generator] [WARNING] hint_generator.py[line:259] 1 / 24, 2
2022-11-16 21:11:08 [P-10796] [MainThread] [hint_generator] [WARNING] hint_generator.py[line:268] 1 / 24, 3
2022-11-16 21:11:08 [P-10796] [MainThread] [hint_generator] [WARNING] hint_generator.py[line:272] 1 / 24, 4
2022-11-16 21:11:08 [P-10796] [MainThread] [hint_generator] [INFO] hint_generator.py[line:274] prediction: 0.07637156624346972
2022-11-16 21:11:08 [P-10796] [MainThread] [hint_generator] [INFO] hint_generator.py[line:275] prediction upper bound: 0.07941938186642333
2022-11-16 21:11:08 [P-10796] [MainThread] [hint_generator] [INFO] hint_generator.py[line:276] prediction lower bound: 0.0733237506205161
2022-11-16 21:11:08 [P-10796] [MainThread] [hint_generator] [INFO] hint_generator.py[line:277] ******************************
2022-11-16 21:11:08 [P-10796] [MainThread] [hint_generator] [WARNING] hint_generator.py[line:251] 2 / 24, 1
2022-11-16 21:11:08 [P-10796] [MainThread] [hint_generator] [DEBUG] hint_generator.py[line:579] title.kind_id not in dict
2022-11-16 21:11:08 [P-10796] [MainThread] [hint_generator] [WARNING] hint_generator.py[line:259] 2 / 24, 2
2022-11-16 21:11:08 [P-10796] [MainThread] [hint_generator] [WARNING] hint_generator.py[line:268] 2 / 24, 3
2022-11-16 21:11:08 [P-10796] [MainThread] [hint_generator] [WARNING] hint_generator.py[line:272] 2 / 24, 4
2022-11-16 21:11:08 [P-10796] [MainThread] [hint_generator] [INFO] hint_generator.py[line:274] prediction: 0.07673857875168323
2022-11-16 21:11:08 [P-10796] [MainThread] [hint_generator] [INFO] hint_generator.py[line:275] prediction upper bound: 0.07851260383817928
2022-11-16 21:11:08 [P-10796] [MainThread] [hint_generator] [INFO] hint_generator.py[line:276] prediction lower bound: 0.07496455366518719
2022-11-16 21:11:08 [P-10796] [MainThread] [hint_generator] [INFO] hint_generator.py[line:277] ******************************
2022-11-16 21:11:08 [P-10796] [MainThread] [hint_generator] [WARNING] hint_generator.py[line:251] 3 / 24, 1
2022-11-16 21:11:10 [P-10796] [MainThread] [hint_generator] [WARNING] hint_generator.py[line:259] 3 / 24, 2
2022-11-16 21:11:10 [P-10796] [MainThread] [hint_generator] [WARNING] hint_generator.py[line:268] 3 / 24, 3
2022-11-16 21:11:10 [P-10796] [MainThread] [hint_generator] [WARNING] hint_generator.py[line:272] 3 / 24, 4
2022-11-16 21:11:10 [P-10796] [MainThread] [hint_generator] [INFO] hint_generator.py[line:274] prediction: 0.07670060459524393
2022-11-16 21:11:10 [P-10796] [MainThread] [hint_generator] [INFO] hint_generator.py[line:275] prediction upper bound: 0.07937311939241663
2022-11-16 21:11:10 [P-10796] [MainThread] [hint_generator] [INFO] hint_generator.py[line:276] prediction lower bound: 0.07402808979807123
2022-11-16 21:11:10 [P-10796] [MainThread] [hint_generator] [INFO] hint_generator.py[line:277] ******************************
2022-11-16 21:11:10 [P-10796] [MainThread] [hint_generator] [WARNING] hint_generator.py[line:251] 4 / 24, 1
2022-11-16 21:11:11 [P-10796] [MainThread] [hint_generator] [WARNING] hint_generator.py[line:259] 4 / 24, 2
2022-11-16 21:11:11 [P-10796] [MainThread] [hint_generator] [WARNING] hint_generator.py[line:268] 4 / 24, 3
2022-11-16 21:11:11 [P-10796] [MainThread] [hint_generator] [WARNING] hint_generator.py[line:272] 4 / 24, 4
2022-11-16 21:11:11 [P-10796] [MainThread] [hint_generator] [INFO] hint_generator.py[line:274] prediction: 0.07643660806119441
2022-11-16 21:11:11 [P-10796] [MainThread] [hint_generator] [INFO] hint_generator.py[line:275] prediction upper bound: 0.07885761301826771
2022-11-16 21:11:11 [P-10796] [MainThread] [hint_generator] [INFO] hint_generator.py[line:276] prediction lower bound: 0.07401560310412111
2022-11-16 21:11:11 [P-10796] [MainThread] [hint_generator] [INFO] hint_generator.py[line:277] ******************************
2022-11-16 21:11:11 [P-10796] [MainThread] [hint_generator] [WARNING] hint_generator.py[line:251] 5 / 24, 1
2022-11-16 21:11:11 [P-10796] [MainThread] [hint_generator] [WARNING] hint_generator.py[line:259] 5 / 24, 2
2022-11-16 21:11:11 [P-10796] [MainThread] [hint_generator] [WARNING] hint_generator.py[line:268] 5 / 24, 3
2022-11-16 21:11:11 [P-10796] [MainThread] [hint_generator] [WARNING] hint_generator.py[line:272] 5 / 24, 4
2022-11-16 21:11:11 [P-10796] [MainThread] [hint_generator] [INFO] hint_generator.py[line:274] prediction: 0.07643028646707535
2022-11-16 21:11:11 [P-10796] [MainThread] [hint_generator] [INFO] hint_generator.py[line:275] prediction upper bound: 0.08010112516996182
2022-11-16 21:11:11 [P-10796] [MainThread] [hint_generator] [INFO] hint_generator.py[line:276] prediction lower bound: 0.07275944776418888
2022-11-16 21:11:11 [P-10796] [MainThread] [hint_generator] [INFO] hint_generator.py[line:277] ******************************
2022-11-16 21:11:11 [P-10796] [MainThread] [hint_generator] [WARNING] hint_generator.py[line:251] 6 / 24, 1
2022-11-16 21:11:11 [P-10796] [MainThread] [hint_generator] [DEBUG] hint_generator.py[line:579] title.kind_id not in dict
2022-11-16 21:11:12 [P-10796] [MainThread] [hint_generator] [WARNING] hint_generator.py[line:259] 6 / 24, 2
2022-11-16 21:11:12 [P-10796] [MainThread] [hint_generator] [WARNING] hint_generator.py[line:268] 6 / 24, 3
2022-11-16 21:11:12 [P-10796] [MainThread] [hint_generator] [WARNING] hint_generator.py[line:272] 6 / 24, 4
2022-11-16 21:11:12 [P-10796] [MainThread] [hint_generator] [INFO] hint_generator.py[line:274] prediction: 0.07656710729002952
2022-11-16 21:11:12 [P-10796] [MainThread] [hint_generator] [INFO] hint_generator.py[line:275] prediction upper bound: 0.07866963220142592
2022-11-16 21:11:12 [P-10796] [MainThread] [hint_generator] [INFO] hint_generator.py[line:276] prediction lower bound: 0.07446458237863313
2022-11-16 21:11:12 [P-10796] [MainThread] [hint_generator] [INFO] hint_generator.py[line:277] ******************************
2022-11-16 21:11:12 [P-10796] [MainThread] [hint_generator] [WARNING] hint_generator.py[line:251] 7 / 24, 1
2022-11-16 21:11:12 [P-10796] [MainThread] [hint_generator] [DEBUG] hint_generator.py[line:579] title.kind_id not in dict
2022-11-16 21:11:12 [P-10796] [MainThread] [hint_generator] [WARNING] hint_generator.py[line:259] 7 / 24, 2
2022-11-16 21:11:12 [P-10796] [MainThread] [hint_generator] [WARNING] hint_generator.py[line:268] 7 / 24, 3
2022-11-16 21:11:12 [P-10796] [MainThread] [hint_generator] [WARNING] hint_generator.py[line:272] 7 / 24, 4
2022-11-16 21:11:12 [P-10796] [MainThread] [hint_generator] [INFO] hint_generator.py[line:274] prediction: 0.07676991045475007
2022-11-16 21:11:12 [P-10796] [MainThread] [hint_generator] [INFO] hint_generator.py[line:275] prediction upper bound: 0.07885728886134541
2022-11-16 21:11:12 [P-10796] [MainThread] [hint_generator] [INFO] hint_generator.py[line:276] prediction lower bound: 0.07468253204815473
2022-11-16 21:11:12 [P-10796] [MainThread] [hint_generator] [INFO] hint_generator.py[line:277] ******************************
2022-11-16 21:11:12 [P-10796] [MainThread] [hint_generator] [WARNING] hint_generator.py[line:251] 8 / 24, 1
2022-11-16 21:11:12 [P-10796] [MainThread] [hint_generator] [DEBUG] hint_generator.py[line:579] title.kind_id not in dict
2022-11-16 21:11:13 [P-10796] [MainThread] [hint_generator] [WARNING] hint_generator.py[line:259] 8 / 24, 2
2022-11-16 21:11:13 [P-10796] [MainThread] [hint_generator] [WARNING] hint_generator.py[line:268] 8 / 24, 3
2022-11-16 21:11:13 [P-10796] [MainThread] [hint_generator] [WARNING] hint_generator.py[line:272] 8 / 24, 4
2022-11-16 21:11:13 [P-10796] [MainThread] [hint_generator] [INFO] hint_generator.py[line:274] prediction: 0.0765808829665184
2022-11-16 21:11:13 [P-10796] [MainThread] [hint_generator] [INFO] hint_generator.py[line:275] prediction upper bound: 0.0785657288950871
2022-11-16 21:11:13 [P-10796] [MainThread] [hint_generator] [INFO] hint_generator.py[line:276] prediction lower bound: 0.07459603703794969
2022-11-16 21:11:13 [P-10796] [MainThread] [hint_generator] [INFO] hint_generator.py[line:277] ******************************
2022-11-16 21:11:13 [P-10796] [MainThread] [hint_generator] [WARNING] hint_generator.py[line:251] 9 / 24, 1
2022-11-16 21:11:13 [P-10796] [MainThread] [hint_generator] [WARNING] hint_generator.py[line:259] 9 / 24, 2
2022-11-16 21:11:13 [P-10796] [MainThread] [hint_generator] [WARNING] hint_generator.py[line:268] 9 / 24, 3
2022-11-16 21:11:14 [P-10796] [MainThread] [hint_generator] [WARNING] hint_generator.py[line:272] 9 / 24, 4
2022-11-16 21:11:14 [P-10796] [MainThread] [hint_generator] [INFO] hint_generator.py[line:274] prediction: 0.07689087770879269
2022-11-16 21:11:14 [P-10796] [MainThread] [hint_generator] [INFO] hint_generator.py[line:275] prediction upper bound: 0.07888853685221056
2022-11-16 21:11:14 [P-10796] [MainThread] [hint_generator] [INFO] hint_generator.py[line:276] prediction lower bound: 0.07489321856537481
2022-11-16 21:11:14 [P-10796] [MainThread] [hint_generator] [INFO] hint_generator.py[line:277] ******************************
2022-11-16 21:11:14 [P-10796] [MainThread] [hint_generator] [WARNING] hint_generator.py[line:251] 10 / 24, 1
2022-11-16 21:11:14 [P-10796] [MainThread] [hint_generator] [WARNING] hint_generator.py[line:259] 10 / 24, 2
2022-11-16 21:11:14 [P-10796] [MainThread] [hint_generator] [WARNING] hint_generator.py[line:268] 10 / 24, 3
2022-11-16 21:11:14 [P-10796] [MainThread] [hint_generator] [WARNING] hint_generator.py[line:272] 10 / 24, 4
2022-11-16 21:11:14 [P-10796] [MainThread] [hint_generator] [INFO] hint_generator.py[line:274] prediction: 0.07704129092395305
2022-11-16 21:11:14 [P-10796] [MainThread] [hint_generator] [INFO] hint_generator.py[line:275] prediction upper bound: 0.0802000868603049
2022-11-16 21:11:14 [P-10796] [MainThread] [hint_generator] [INFO] hint_generator.py[line:276] prediction lower bound: 0.0738824949876012
2022-11-16 21:11:14 [P-10796] [MainThread] [hint_generator] [INFO] hint_generator.py[line:277] ******************************
2022-11-16 21:11:14 [P-10796] [MainThread] [hint_generator] [WARNING] hint_generator.py[line:251] 11 / 24, 1
2022-11-16 21:11:14 [P-10796] [MainThread] [hint_generator] [WARNING] hint_generator.py[line:259] 11 / 24, 2
2022-11-16 21:11:14 [P-10796] [MainThread] [hint_generator] [WARNING] hint_generator.py[line:268] 11 / 24, 3
2022-11-16 21:11:15 [P-10796] [MainThread] [hint_generator] [WARNING] hint_generator.py[line:272] 11 / 24, 4
2022-11-16 21:11:15 [P-10796] [MainThread] [hint_generator] [INFO] hint_generator.py[line:274] prediction: 0.07665541335940361
2022-11-16 21:11:15 [P-10796] [MainThread] [hint_generator] [INFO] hint_generator.py[line:275] prediction upper bound: 0.07987748455455838
2022-11-16 21:11:15 [P-10796] [MainThread] [hint_generator] [INFO] hint_generator.py[line:276] prediction lower bound: 0.07343334216424884
2022-11-16 21:11:15 [P-10796] [MainThread] [hint_generator] [INFO] hint_generator.py[line:277] ******************************
2022-11-16 21:11:15 [P-10796] [MainThread] [hint_generator] [WARNING] hint_generator.py[line:251] 12 / 24, 1
2022-11-16 21:11:15 [P-10796] [MainThread] [hint_generator] [WARNING] hint_generator.py[line:259] 12 / 24, 2
2022-11-16 21:11:15 [P-10796] [MainThread] [hint_generator] [WARNING] hint_generator.py[line:268] 12 / 24, 3
2022-11-16 21:11:15 [P-10796] [MainThread] [hint_generator] [WARNING] hint_generator.py[line:272] 12 / 24, 4
2022-11-16 21:11:15 [P-10796] [MainThread] [hint_generator] [INFO] hint_generator.py[line:274] prediction: 0.07668270468711853
2022-11-16 21:11:15 [P-10796] [MainThread] [hint_generator] [INFO] hint_generator.py[line:275] prediction upper bound: 0.07963359587474336
2022-11-16 21:11:15 [P-10796] [MainThread] [hint_generator] [INFO] hint_generator.py[line:276] prediction lower bound: 0.0737318134994937
2022-11-16 21:11:15 [P-10796] [MainThread] [hint_generator] [INFO] hint_generator.py[line:277] ******************************
2022-11-16 21:11:15 [P-10796] [MainThread] [hint_generator] [WARNING] hint_generator.py[line:251] 13 / 24, 1
2022-11-16 21:11:15 [P-10796] [MainThread] [hint_generator] [WARNING] hint_generator.py[line:259] 13 / 24, 2
2022-11-16 21:11:15 [P-10796] [MainThread] [hint_generator] [WARNING] hint_generator.py[line:268] 13 / 24, 3
2022-11-16 21:11:16 [P-10796] [MainThread] [hint_generator] [WARNING] hint_generator.py[line:272] 13 / 24, 4
2022-11-16 21:11:16 [P-10796] [MainThread] [hint_generator] [INFO] hint_generator.py[line:274] prediction: 0.07653348229825496
2022-11-16 21:11:16 [P-10796] [MainThread] [hint_generator] [INFO] hint_generator.py[line:275] prediction upper bound: 0.07947213387581667
2022-11-16 21:11:16 [P-10796] [MainThread] [hint_generator] [INFO] hint_generator.py[line:276] prediction lower bound: 0.07359483072069326
2022-11-16 21:11:16 [P-10796] [MainThread] [hint_generator] [INFO] hint_generator.py[line:277] ******************************
2022-11-16 21:11:16 [P-10796] [MainThread] [hint_generator] [WARNING] hint_generator.py[line:251] 14 / 24, 1
2022-11-16 21:11:16 [P-10796] [MainThread] [hint_generator] [WARNING] hint_generator.py[line:259] 14 / 24, 2
2022-11-16 21:11:16 [P-10796] [MainThread] [hint_generator] [WARNING] hint_generator.py[line:268] 14 / 24, 3
2022-11-16 21:11:16 [P-10796] [MainThread] [hint_generator] [WARNING] hint_generator.py[line:272] 14 / 24, 4
2022-11-16 21:11:16 [P-10796] [MainThread] [hint_generator] [INFO] hint_generator.py[line:274] prediction: 0.0763811631500721
2022-11-16 21:11:16 [P-10796] [MainThread] [hint_generator] [INFO] hint_generator.py[line:275] prediction upper bound: 0.07962599801733246
2022-11-16 21:11:16 [P-10796] [MainThread] [hint_generator] [INFO] hint_generator.py[line:276] prediction lower bound: 0.07313632828281173
2022-11-16 21:11:16 [P-10796] [MainThread] [hint_generator] [INFO] hint_generator.py[line:277] ******************************
2022-11-16 21:11:16 [P-10796] [MainThread] [hint_generator] [WARNING] hint_generator.py[line:251] 15 / 24, 1
2022-11-16 21:11:16 [P-10796] [MainThread] [hint_generator] [WARNING] hint_generator.py[line:259] 15 / 24, 2
2022-11-16 21:11:16 [P-10796] [MainThread] [hint_generator] [WARNING] hint_generator.py[line:268] 15 / 24, 3
2022-11-16 21:11:17 [P-10796] [MainThread] [hint_generator] [WARNING] hint_generator.py[line:272] 15 / 24, 4
2022-11-16 21:11:17 [P-10796] [MainThread] [hint_generator] [INFO] hint_generator.py[line:274] prediction: 0.07654865220189094
2022-11-16 21:11:17 [P-10796] [MainThread] [hint_generator] [INFO] hint_generator.py[line:275] prediction upper bound: 0.07880803448685757
2022-11-16 21:11:17 [P-10796] [MainThread] [hint_generator] [INFO] hint_generator.py[line:276] prediction lower bound: 0.07428926991692432
2022-11-16 21:11:17 [P-10796] [MainThread] [hint_generator] [INFO] hint_generator.py[line:277] ******************************
2022-11-16 21:11:17 [P-10796] [MainThread] [hint_generator] [WARNING] hint_generator.py[line:251] 16 / 24, 1
2022-11-16 21:11:17 [P-10796] [MainThread] [hint_generator] [WARNING] hint_generator.py[line:259] 16 / 24, 2
2022-11-16 21:11:17 [P-10796] [MainThread] [hint_generator] [WARNING] hint_generator.py[line:268] 16 / 24, 3
2022-11-16 21:11:17 [P-10796] [MainThread] [hint_generator] [WARNING] hint_generator.py[line:272] 16 / 24, 4
2022-11-16 21:11:17 [P-10796] [MainThread] [hint_generator] [INFO] hint_generator.py[line:274] prediction: 0.07682529762387276
2022-11-16 21:11:17 [P-10796] [MainThread] [hint_generator] [INFO] hint_generator.py[line:275] prediction upper bound: 0.07872818286547416
2022-11-16 21:11:17 [P-10796] [MainThread] [hint_generator] [INFO] hint_generator.py[line:276] prediction lower bound: 0.07492241238227136
2022-11-16 21:11:17 [P-10796] [MainThread] [hint_generator] [INFO] hint_generator.py[line:277] ******************************
2022-11-16 21:11:17 [P-10796] [MainThread] [hint_generator] [WARNING] hint_generator.py[line:251] 17 / 24, 1
2022-11-16 21:11:17 [P-10796] [MainThread] [hint_generator] [WARNING] hint_generator.py[line:259] 17 / 24, 2
2022-11-16 21:11:17 [P-10796] [MainThread] [hint_generator] [WARNING] hint_generator.py[line:268] 17 / 24, 3
2022-11-16 21:11:18 [P-10796] [MainThread] [hint_generator] [WARNING] hint_generator.py[line:272] 17 / 24, 4
2022-11-16 21:11:18 [P-10796] [MainThread] [hint_generator] [INFO] hint_generator.py[line:274] prediction: 0.07690099470317363
2022-11-16 21:11:18 [P-10796] [MainThread] [hint_generator] [INFO] hint_generator.py[line:275] prediction upper bound: 0.07931941174955189
2022-11-16 21:11:18 [P-10796] [MainThread] [hint_generator] [INFO] hint_generator.py[line:276] prediction lower bound: 0.07448257765679538
2022-11-16 21:11:18 [P-10796] [MainThread] [hint_generator] [INFO] hint_generator.py[line:277] ******************************
2022-11-16 21:11:29 [P-10796] [MainThread] [hint_generator] [WARNING] hint_generator.py[line:251] 18 / 24, 1
