2022-11-16 21:09:15 [P-4720] [MainThread] [hint_generator] [WARNING] hint_generator.py[line:249] 0 / 24
2022-11-16 21:09:16 [P-4720] [MainThread] [hint_generator] [WARNING] hint_generator.py[line:257] 0 / 24, 2
2022-11-16 21:09:16 [P-4720] [MainThread] [hint_generator] [WARNING] hint_generator.py[line:266] 0 / 24, 3
2022-11-16 21:09:16 [P-4720] [MainThread] [hint_generator] [WARNING] hint_generator.py[line:270] 0 / 24, 4
2022-11-16 21:09:16 [P-4720] [MainThread] [hint_generator] [INFO] hint_generator.py[line:272] prediction: 0.07648568466305733
2022-11-16 21:09:16 [P-4720] [MainThread] [hint_generator] [INFO] hint_generator.py[line:273] prediction upper bound: 0.0782300505345356
2022-11-16 21:09:16 [P-4720] [MainThread] [hint_generator] [INFO] hint_generator.py[line:274] prediction lower bound: 0.07474131879157905
2022-11-16 21:09:16 [P-4720] [MainThread] [hint_generator] [INFO] hint_generator.py[line:275] ******************************
2022-11-16 21:09:16 [P-4720] [MainThread] [hint_generator] [WARNING] hint_generator.py[line:249] 1 / 24
2022-11-16 21:09:16 [P-4720] [MainThread] [hint_generator] [DEBUG] hint_generator.py[line:577] title.kind_id not in dict
2022-11-16 21:09:16 [P-4720] [MainThread] [hint_generator] [WARNING] hint_generator.py[line:257] 1 / 24, 2
2022-11-16 21:09:16 [P-4720] [MainThread] [hint_generator] [WARNING] hint_generator.py[line:266] 1 / 24, 3
2022-11-16 21:09:17 [P-4720] [MainThread] [hint_generator] [WARNING] hint_generator.py[line:270] 1 / 24, 4
2022-11-16 21:09:17 [P-4720] [MainThread] [hint_generator] [INFO] hint_generator.py[line:272] prediction: 0.07595995999872684
2022-11-16 21:09:17 [P-4720] [MainThread] [hint_generator] [INFO] hint_generator.py[line:273] prediction upper bound: 0.07982772187877768
2022-11-16 21:09:17 [P-4720] [MainThread] [hint_generator] [INFO] hint_generator.py[line:274] prediction lower bound: 0.07209219811867601
2022-11-16 21:09:17 [P-4720] [MainThread] [hint_generator] [INFO] hint_generator.py[line:275] ******************************
2022-11-16 21:09:17 [P-4720] [MainThread] [hint_generator] [WARNING] hint_generator.py[line:249] 2 / 24
2022-11-16 21:09:17 [P-4720] [MainThread] [hint_generator] [DEBUG] hint_generator.py[line:577] title.kind_id not in dict
2022-11-16 21:09:17 [P-4720] [MainThread] [hint_generator] [WARNING] hint_generator.py[line:257] 2 / 24, 2
2022-11-16 21:09:17 [P-4720] [MainThread] [hint_generator] [WARNING] hint_generator.py[line:266] 2 / 24, 3
2022-11-16 21:09:17 [P-4720] [MainThread] [hint_generator] [WARNING] hint_generator.py[line:270] 2 / 24, 4
2022-11-16 21:09:17 [P-4720] [MainThread] [hint_generator] [INFO] hint_generator.py[line:272] prediction: 0.07669469445943833
2022-11-16 21:09:17 [P-4720] [MainThread] [hint_generator] [INFO] hint_generator.py[line:273] prediction upper bound: 0.07890693925534202
2022-11-16 21:09:17 [P-4720] [MainThread] [hint_generator] [INFO] hint_generator.py[line:274] prediction lower bound: 0.07448244966353464
2022-11-16 21:09:17 [P-4720] [MainThread] [hint_generator] [INFO] hint_generator.py[line:275] ******************************
2022-11-16 21:09:17 [P-4720] [MainThread] [hint_generator] [WARNING] hint_generator.py[line:249] 3 / 24
2022-11-16 21:09:17 [P-4720] [MainThread] [hint_generator] [WARNING] hint_generator.py[line:257] 3 / 24, 2
2022-11-16 21:09:17 [P-4720] [MainThread] [hint_generator] [WARNING] hint_generator.py[line:266] 3 / 24, 3
2022-11-16 21:09:18 [P-4720] [MainThread] [hint_generator] [WARNING] hint_generator.py[line:270] 3 / 24, 4
2022-11-16 21:09:18 [P-4720] [MainThread] [hint_generator] [INFO] hint_generator.py[line:272] prediction: 0.07659630317240954
2022-11-16 21:09:18 [P-4720] [MainThread] [hint_generator] [INFO] hint_generator.py[line:273] prediction upper bound: 0.07949700093308218
2022-11-16 21:09:18 [P-4720] [MainThread] [hint_generator] [INFO] hint_generator.py[line:274] prediction lower bound: 0.07369560541173689
2022-11-16 21:09:18 [P-4720] [MainThread] [hint_generator] [INFO] hint_generator.py[line:275] ******************************
2022-11-16 21:09:18 [P-4720] [MainThread] [hint_generator] [WARNING] hint_generator.py[line:249] 4 / 24
2022-11-16 21:09:18 [P-4720] [MainThread] [hint_generator] [WARNING] hint_generator.py[line:257] 4 / 24, 2
2022-11-16 21:09:18 [P-4720] [MainThread] [hint_generator] [WARNING] hint_generator.py[line:266] 4 / 24, 3
2022-11-16 21:09:18 [P-4720] [MainThread] [hint_generator] [WARNING] hint_generator.py[line:270] 4 / 24, 4
2022-11-16 21:09:18 [P-4720] [MainThread] [hint_generator] [INFO] hint_generator.py[line:272] prediction: 0.0765276787430048
2022-11-16 21:09:18 [P-4720] [MainThread] [hint_generator] [INFO] hint_generator.py[line:273] prediction upper bound: 0.07890256369057588
2022-11-16 21:09:18 [P-4720] [MainThread] [hint_generator] [INFO] hint_generator.py[line:274] prediction lower bound: 0.07415279379543371
2022-11-16 21:09:18 [P-4720] [MainThread] [hint_generator] [INFO] hint_generator.py[line:275] ******************************
2022-11-16 21:09:18 [P-4720] [MainThread] [hint_generator] [WARNING] hint_generator.py[line:249] 5 / 24
2022-11-16 21:09:18 [P-4720] [MainThread] [hint_generator] [WARNING] hint_generator.py[line:257] 5 / 24, 2
2022-11-16 21:09:18 [P-4720] [MainThread] [hint_generator] [WARNING] hint_generator.py[line:266] 5 / 24, 3
2022-11-16 21:09:19 [P-4720] [MainThread] [hint_generator] [WARNING] hint_generator.py[line:270] 5 / 24, 4
2022-11-16 21:09:19 [P-4720] [MainThread] [hint_generator] [INFO] hint_generator.py[line:272] prediction: 0.07608987528830767
2022-11-16 21:09:19 [P-4720] [MainThread] [hint_generator] [INFO] hint_generator.py[line:273] prediction upper bound: 0.07926601197572238
2022-11-16 21:09:19 [P-4720] [MainThread] [hint_generator] [INFO] hint_generator.py[line:274] prediction lower bound: 0.07291373860089297
2022-11-16 21:09:19 [P-4720] [MainThread] [hint_generator] [INFO] hint_generator.py[line:275] ******************************
2022-11-16 21:09:19 [P-4720] [MainThread] [hint_generator] [WARNING] hint_generator.py[line:249] 6 / 24
2022-11-16 21:09:19 [P-4720] [MainThread] [hint_generator] [DEBUG] hint_generator.py[line:577] title.kind_id not in dict
2022-11-16 21:09:19 [P-4720] [MainThread] [hint_generator] [WARNING] hint_generator.py[line:257] 6 / 24, 2
2022-11-16 21:09:19 [P-4720] [MainThread] [hint_generator] [WARNING] hint_generator.py[line:266] 6 / 24, 3
2022-11-16 21:09:19 [P-4720] [MainThread] [hint_generator] [WARNING] hint_generator.py[line:270] 6 / 24, 4
2022-11-16 21:09:19 [P-4720] [MainThread] [hint_generator] [INFO] hint_generator.py[line:272] prediction: 0.07697956800460816
2022-11-16 21:09:19 [P-4720] [MainThread] [hint_generator] [INFO] hint_generator.py[line:273] prediction upper bound: 0.07888780972900583
2022-11-16 21:09:19 [P-4720] [MainThread] [hint_generator] [INFO] hint_generator.py[line:274] prediction lower bound: 0.07507132628021049
2022-11-16 21:09:19 [P-4720] [MainThread] [hint_generator] [INFO] hint_generator.py[line:275] ******************************
2022-11-16 21:09:19 [P-4720] [MainThread] [hint_generator] [WARNING] hint_generator.py[line:249] 7 / 24
2022-11-16 21:09:19 [P-4720] [MainThread] [hint_generator] [DEBUG] hint_generator.py[line:577] title.kind_id not in dict
2022-11-16 21:09:19 [P-4720] [MainThread] [hint_generator] [WARNING] hint_generator.py[line:257] 7 / 24, 2
2022-11-16 21:09:19 [P-4720] [MainThread] [hint_generator] [WARNING] hint_generator.py[line:266] 7 / 24, 3
2022-11-16 21:09:20 [P-4720] [MainThread] [hint_generator] [WARNING] hint_generator.py[line:270] 7 / 24, 4
2022-11-16 21:09:20 [P-4720] [MainThread] [hint_generator] [INFO] hint_generator.py[line:272] prediction: 0.07648204162716865
2022-11-16 21:09:20 [P-4720] [MainThread] [hint_generator] [INFO] hint_generator.py[line:273] prediction upper bound: 0.07904314834873197
2022-11-16 21:09:20 [P-4720] [MainThread] [hint_generator] [INFO] hint_generator.py[line:274] prediction lower bound: 0.07392093490560533
2022-11-16 21:09:20 [P-4720] [MainThread] [hint_generator] [INFO] hint_generator.py[line:275] ******************************
2022-11-16 21:09:20 [P-4720] [MainThread] [hint_generator] [WARNING] hint_generator.py[line:249] 8 / 24
2022-11-16 21:09:20 [P-4720] [MainThread] [hint_generator] [DEBUG] hint_generator.py[line:577] title.kind_id not in dict
2022-11-16 21:09:20 [P-4720] [MainThread] [hint_generator] [WARNING] hint_generator.py[line:257] 8 / 24, 2
2022-11-16 21:09:20 [P-4720] [MainThread] [hint_generator] [WARNING] hint_generator.py[line:266] 8 / 24, 3
2022-11-16 21:09:20 [P-4720] [MainThread] [hint_generator] [WARNING] hint_generator.py[line:270] 8 / 24, 4
2022-11-16 21:09:20 [P-4720] [MainThread] [hint_generator] [INFO] hint_generator.py[line:272] prediction: 0.07659160517156124
2022-11-16 21:09:20 [P-4720] [MainThread] [hint_generator] [INFO] hint_generator.py[line:273] prediction upper bound: 0.07887124373990123
2022-11-16 21:09:20 [P-4720] [MainThread] [hint_generator] [INFO] hint_generator.py[line:274] prediction lower bound: 0.07431196660322126
2022-11-16 21:09:20 [P-4720] [MainThread] [hint_generator] [INFO] hint_generator.py[line:275] ******************************
2022-11-16 21:09:20 [P-4720] [MainThread] [hint_generator] [WARNING] hint_generator.py[line:249] 9 / 24
2022-11-16 21:09:20 [P-4720] [MainThread] [hint_generator] [WARNING] hint_generator.py[line:257] 9 / 24, 2
2022-11-16 21:09:20 [P-4720] [MainThread] [hint_generator] [WARNING] hint_generator.py[line:266] 9 / 24, 3
2022-11-16 21:09:21 [P-4720] [MainThread] [hint_generator] [WARNING] hint_generator.py[line:270] 9 / 24, 4
2022-11-16 21:09:21 [P-4720] [MainThread] [hint_generator] [INFO] hint_generator.py[line:272] prediction: 0.07649424441158771
2022-11-16 21:09:21 [P-4720] [MainThread] [hint_generator] [INFO] hint_generator.py[line:273] prediction upper bound: 0.07908572834658315
2022-11-16 21:09:21 [P-4720] [MainThread] [hint_generator] [INFO] hint_generator.py[line:274] prediction lower bound: 0.07390276047659228
2022-11-16 21:09:21 [P-4720] [MainThread] [hint_generator] [INFO] hint_generator.py[line:275] ******************************
2022-11-16 21:09:21 [P-4720] [MainThread] [hint_generator] [WARNING] hint_generator.py[line:249] 10 / 24
2022-11-16 21:09:21 [P-4720] [MainThread] [hint_generator] [WARNING] hint_generator.py[line:257] 10 / 24, 2
2022-11-16 21:09:21 [P-4720] [MainThread] [hint_generator] [WARNING] hint_generator.py[line:266] 10 / 24, 3
2022-11-16 21:09:21 [P-4720] [MainThread] [hint_generator] [WARNING] hint_generator.py[line:270] 10 / 24, 4
2022-11-16 21:09:21 [P-4720] [MainThread] [hint_generator] [INFO] hint_generator.py[line:272] prediction: 0.07706967473030091
2022-11-16 21:09:21 [P-4720] [MainThread] [hint_generator] [INFO] hint_generator.py[line:273] prediction upper bound: 0.07969797389818892
2022-11-16 21:09:21 [P-4720] [MainThread] [hint_generator] [INFO] hint_generator.py[line:274] prediction lower bound: 0.0744413755624129
2022-11-16 21:09:21 [P-4720] [MainThread] [hint_generator] [INFO] hint_generator.py[line:275] ******************************
2022-11-16 21:09:21 [P-4720] [MainThread] [hint_generator] [WARNING] hint_generator.py[line:249] 11 / 24
2022-11-16 21:09:22 [P-4720] [MainThread] [hint_generator] [WARNING] hint_generator.py[line:257] 11 / 24, 2
2022-11-16 21:09:22 [P-4720] [MainThread] [hint_generator] [WARNING] hint_generator.py[line:266] 11 / 24, 3
2022-11-16 21:09:22 [P-4720] [MainThread] [hint_generator] [WARNING] hint_generator.py[line:270] 11 / 24, 4
2022-11-16 21:09:22 [P-4720] [MainThread] [hint_generator] [INFO] hint_generator.py[line:272] prediction: 0.07624725926667451
2022-11-16 21:09:22 [P-4720] [MainThread] [hint_generator] [INFO] hint_generator.py[line:273] prediction upper bound: 0.07961830232098353
2022-11-16 21:09:22 [P-4720] [MainThread] [hint_generator] [INFO] hint_generator.py[line:274] prediction lower bound: 0.0728762162123655
2022-11-16 21:09:22 [P-4720] [MainThread] [hint_generator] [INFO] hint_generator.py[line:275] ******************************
2022-11-16 21:09:22 [P-4720] [MainThread] [hint_generator] [WARNING] hint_generator.py[line:249] 12 / 24
2022-11-16 21:09:22 [P-4720] [MainThread] [hint_generator] [WARNING] hint_generator.py[line:257] 12 / 24, 2
2022-11-16 21:09:22 [P-4720] [MainThread] [hint_generator] [WARNING] hint_generator.py[line:266] 12 / 24, 3
2022-11-16 21:09:22 [P-4720] [MainThread] [hint_generator] [WARNING] hint_generator.py[line:270] 12 / 24, 4
2022-11-16 21:09:22 [P-4720] [MainThread] [hint_generator] [INFO] hint_generator.py[line:272] prediction: 0.0770493771135807
2022-11-16 21:09:22 [P-4720] [MainThread] [hint_generator] [INFO] hint_generator.py[line:273] prediction upper bound: 0.07946143095483402
2022-11-16 21:09:22 [P-4720] [MainThread] [hint_generator] [INFO] hint_generator.py[line:274] prediction lower bound: 0.07463732327232739
2022-11-16 21:09:22 [P-4720] [MainThread] [hint_generator] [INFO] hint_generator.py[line:275] ******************************
2022-11-16 21:09:22 [P-4720] [MainThread] [hint_generator] [WARNING] hint_generator.py[line:249] 13 / 24
2022-11-16 21:09:23 [P-4720] [MainThread] [hint_generator] [WARNING] hint_generator.py[line:257] 13 / 24, 2
2022-11-16 21:09:23 [P-4720] [MainThread] [hint_generator] [WARNING] hint_generator.py[line:266] 13 / 24, 3
2022-11-16 21:09:23 [P-4720] [MainThread] [hint_generator] [WARNING] hint_generator.py[line:270] 13 / 24, 4
2022-11-16 21:09:23 [P-4720] [MainThread] [hint_generator] [INFO] hint_generator.py[line:272] prediction: 0.07668460749089717
2022-11-16 21:09:23 [P-4720] [MainThread] [hint_generator] [INFO] hint_generator.py[line:273] prediction upper bound: 0.07875818257856809
2022-11-16 21:09:23 [P-4720] [MainThread] [hint_generator] [INFO] hint_generator.py[line:274] prediction lower bound: 0.07461103240322625
2022-11-16 21:09:23 [P-4720] [MainThread] [hint_generator] [INFO] hint_generator.py[line:275] ******************************
2022-11-16 21:09:23 [P-4720] [MainThread] [hint_generator] [WARNING] hint_generator.py[line:249] 14 / 24
2022-11-16 21:09:23 [P-4720] [MainThread] [hint_generator] [WARNING] hint_generator.py[line:257] 14 / 24, 2
2022-11-16 21:09:23 [P-4720] [MainThread] [hint_generator] [WARNING] hint_generator.py[line:266] 14 / 24, 3
2022-11-16 21:09:23 [P-4720] [MainThread] [hint_generator] [WARNING] hint_generator.py[line:270] 14 / 24, 4
2022-11-16 21:09:23 [P-4720] [MainThread] [hint_generator] [INFO] hint_generator.py[line:272] prediction: 0.0771842560172081
2022-11-16 21:09:23 [P-4720] [MainThread] [hint_generator] [INFO] hint_generator.py[line:273] prediction upper bound: 0.0790528679310737
2022-11-16 21:09:23 [P-4720] [MainThread] [hint_generator] [INFO] hint_generator.py[line:274] prediction lower bound: 0.0753156441033425
2022-11-16 21:09:23 [P-4720] [MainThread] [hint_generator] [INFO] hint_generator.py[line:275] ******************************
2022-11-16 21:09:23 [P-4720] [MainThread] [hint_generator] [WARNING] hint_generator.py[line:249] 15 / 24
2022-11-16 21:09:24 [P-4720] [MainThread] [hint_generator] [WARNING] hint_generator.py[line:257] 15 / 24, 2
2022-11-16 21:09:24 [P-4720] [MainThread] [hint_generator] [WARNING] hint_generator.py[line:266] 15 / 24, 3
2022-11-16 21:09:24 [P-4720] [MainThread] [hint_generator] [WARNING] hint_generator.py[line:270] 15 / 24, 4
2022-11-16 21:09:24 [P-4720] [MainThread] [hint_generator] [INFO] hint_generator.py[line:272] prediction: 0.0764534592628479
2022-11-16 21:09:24 [P-4720] [MainThread] [hint_generator] [INFO] hint_generator.py[line:273] prediction upper bound: 0.07865451894798012
2022-11-16 21:09:24 [P-4720] [MainThread] [hint_generator] [INFO] hint_generator.py[line:274] prediction lower bound: 0.07425239957771568
2022-11-16 21:09:24 [P-4720] [MainThread] [hint_generator] [INFO] hint_generator.py[line:275] ******************************
2022-11-16 21:09:24 [P-4720] [MainThread] [hint_generator] [WARNING] hint_generator.py[line:249] 16 / 24
2022-11-16 21:09:24 [P-4720] [MainThread] [hint_generator] [WARNING] hint_generator.py[line:257] 16 / 24, 2
2022-11-16 21:09:24 [P-4720] [MainThread] [hint_generator] [WARNING] hint_generator.py[line:266] 16 / 24, 3
2022-11-16 21:09:24 [P-4720] [MainThread] [hint_generator] [WARNING] hint_generator.py[line:270] 16 / 24, 4
2022-11-16 21:09:24 [P-4720] [MainThread] [hint_generator] [INFO] hint_generator.py[line:272] prediction: 0.07585062488913535
2022-11-16 21:09:24 [P-4720] [MainThread] [hint_generator] [INFO] hint_generator.py[line:273] prediction upper bound: 0.08006586963641396
2022-11-16 21:09:24 [P-4720] [MainThread] [hint_generator] [INFO] hint_generator.py[line:274] prediction lower bound: 0.07163538014185675
2022-11-16 21:09:24 [P-4720] [MainThread] [hint_generator] [INFO] hint_generator.py[line:275] ******************************
2022-11-16 21:09:24 [P-4720] [MainThread] [hint_generator] [WARNING] hint_generator.py[line:249] 17 / 24
2022-11-16 21:09:25 [P-4720] [MainThread] [hint_generator] [WARNING] hint_generator.py[line:257] 17 / 24, 2
2022-11-16 21:09:25 [P-4720] [MainThread] [hint_generator] [WARNING] hint_generator.py[line:266] 17 / 24, 3
2022-11-16 21:09:25 [P-4720] [MainThread] [hint_generator] [WARNING] hint_generator.py[line:270] 17 / 24, 4
2022-11-16 21:09:25 [P-4720] [MainThread] [hint_generator] [INFO] hint_generator.py[line:272] prediction: 0.07668002054095269
2022-11-16 21:09:25 [P-4720] [MainThread] [hint_generator] [INFO] hint_generator.py[line:273] prediction upper bound: 0.07944460551789469
2022-11-16 21:09:25 [P-4720] [MainThread] [hint_generator] [INFO] hint_generator.py[line:274] prediction lower bound: 0.07391543556401069
2022-11-16 21:09:25 [P-4720] [MainThread] [hint_generator] [INFO] hint_generator.py[line:275] ******************************
2022-11-16 21:09:25 [P-4720] [MainThread] [hint_generator] [WARNING] hint_generator.py[line:249] 18 / 24
